parameter file: par.MergeAADR2
geno1: /home1/mkato/hdd_data/data/0-3-extract_plink_downsized_jomon/merged/m_downsized_jomon_extracted.geno
snp1: /home1/mkato/hdd_data/data/0-3-extract_plink_downsized_jomon/merged/m_downsized_jomon_extracted.snp
ind1: /home1/mkato/hdd_data/data/0-3-extract_plink_downsized_jomon/merged/m_downsized_jomon_extracted.ind
geno2: /home1/mkato/hdd_data/data/AADR/v54.1.p1_1240K_public.new.geno
snp2: /home1/mkato/hdd_data/data/AADR/v54.1.p1_1240K_public.new.snp
ind2: /home1/mkato/hdd_data/data/AADR/v54.1.p1_1240K_public.ind
genooutfilename: /home1/mkato/hdd_data/data/1-withAADR/1-0-merged_eigen/jomon_aadr_jomon_down.geno
snpoutfilename: /home1/mkato/hdd_data/data/1-withAADR/1-0-merged_eigen/jomon_aadr_jomon_down.snp
indoutfilename: /home1/mkato/hdd_data/data/1-withAADR/1-0-merged_eigen/jomon_aadr_jomon_down.ind
allele funny: 1:4388728 A G G T
allele funny: 1:8147157 T C C A
allele funny: 1:10101712 A G G T
allele funny: 1:11834730 A G G T
allele funny: 1:14232891 A C C T
allele funny: 1:15166453 A G G T
allele funny: 1:15475627 T C C A
allele funny: 1:16419219 T G G A
allele funny: 1:17422609 T C C A
allele funny: 1:18603908 T C C A
allele funny: 1:18966007 A G G T
allele funny: 1:23176740 T C C A
allele funny: 1:30724317 A G G T
allele funny: 1:30758871 T C C A
allele funny: 1:31110395 A G G T
allele funny: 1:31921069 A C C T
allele funny: 1:33484220 T C C A
allele funny: 1:38515266 A G G T
allele funny: 1:38623285 A G G T
allele funny: 1:43690439 T C C A
allele funny: 1:44541961 T C C A
allele funny: 1:47957916 T C C A
allele funny: 1:51029609 A G G T
allele funny: 1:52897395 T C C A
allele funny: 1:54160709 A G G T
allele funny: 1:56225044 A G G T
allele funny: 1:56345824 T C C A
allele funny: 1:57984991 T C C A
allele funny: 1:59507878 T G G A
allele funny: 1:59982113 A G G T
allele funny: 1:60373500 A G G T
allele funny: 1:67469448 A G G T
allele funny: 1:68117203 C T T G
allele funny: 1:70177233 T C C A
allele funny: 1:71328402 T G G A
allele funny: 1:72646711 A G G T
allele funny: 1:73933682 A C C T
allele funny: 1:74074098 A A A G
allele funny: 1:76601306 T C C A
allele funny: 1:76803286 T C C A
allele funny: 1:76973245 A G G T
allele funny: 1:78827141 T C C A
allele funny: 1:79139402 G G G A
allele funny: 1:79361591 T C C A
allele funny: 1:80322585 A G G T
allele funny: 1:81048650 T C C A
allele funny: 1:81114489 T C C A
allele funny: 1:84793752 T C C A
allele funny: 1:86417699 T C C A
allele funny: 1:87240521 A A A G
allele funny: 1:87691098 G G G T
allele funny: 1:88729195 A G G T
allele funny: 1:88935301 A G G T
allele funny: 1:90483266 A G G T
allele funny: 1:94587362 A G G T
allele funny: 1:94942372 T C C A
allele funny: 1:95302135 A G G T
allele funny: 1:96155247 A G G T
allele funny: 1:96625079 A G G T
allele funny: 1:98947101 A G G T
allele funny: 1:99518560 A G G T
allele funny: 1:100714826 A G G T
allele funny: 1:103543824 A G G T
allele funny: 1:105674536 A G G T
allele funny: 1:106415855 A G G T
allele funny: 1:107450890 A G G T
allele funny: 1:107563012 A G G T
allele funny: 1:108547509 A G G T
allele funny: 1:111096207 C C C T
allele funny: 1:111586123 A G G T
allele funny: 1:112728872 T C C A
allele funny: 1:113721703 T C C A
allele funny: 1:114950658 A G G T
allele funny: 1:115244087 T C C A
allele funny: 1:116660593 T C C A
allele funny: 1:119481036 T C C A
allele funny: 1:119768519 T C C A
allele funny: 1:145745285 T C C A
allele funny: 1:152171104 T C C A
allele funny: 1:152783255 T C C A
allele funny: 1:153215145 T C C A
allele funny: 1:154815257 T C C A
allele funny: 1:156663579 A C C T
allele funny: 1:160114070 T C C A
allele funny: 1:161088583 C T T G
allele funny: 1:161705073 T C C A
allele funny: 1:162085685 A G G T
allele funny: 1:162263754 T C C A
allele funny: 1:165332983 T C C A
allele funny: 1:166286822 A G G T
allele funny: 1:167017409 T C C A
allele funny: 1:169097064 T C C A
allele funny: 1:171296344 T C C A
allele funny: 1:171932737 A G G T
allele funny: 1:172374645 T C C A
allele funny: 1:173184897 T C C A
allele funny: 1:174242471 A G G T
allele funny: 1:180261152 A C C T
allele funny: 1:182204131 T C C A
allele funny: 1:182327842 T C C A
allele funny: 1:183299517 A G G T
allele funny: 1:183955574 T C C A
allele funny: 1:186483692 T C C A
allele funny: 1:198408652 A G G T
allele funny: 1:200472393 G A A C
allele funny: 1:200672906 A G G T
allele funny: 1:201358304 T C C A
allele funny: 1:201430572 A G G T
allele funny: 1:202404170 T C C A
allele funny: 1:203032038 A G G T
allele funny: 1:204809863 A G G T
allele funny: 1:205334877 T C C A
allele funny: 1:206633762 A G G T
allele funny: 1:208940318 T C C A
allele funny: 1:209679425 A G G T
allele funny: 1:209870351 A G G T
allele funny: 1:210421547 A G G T
allele funny: 1:210482140 A G G T
allele funny: 1:211501770 A G G T
allele funny: 1:213059806 T C C A
allele funny: 1:216207757 A G G T
allele funny: 1:219741840 T C C A
allele funny: 1:222611473 T C C A
allele funny: 1:223967542 A G G T
allele funny: 1:227006972 T G G A
allele funny: 1:229989995 A A A G
allele funny: 1:231466028 T C C A
allele funny: 1:234486946 T C C A
allele funny: 1:236179042 A G G T
allele funny: 1:237194523 A C C T
allele funny: 1:238602855 A G G T
allele funny: 1:240694690 T C C A
allele funny: 1:241122127 T C C A
allele funny: 1:241300123 T C C A
allele funny: 1:246079629 T G G A
allele funny: 1:247803437 T C C A
allele funny: 1:247849473 C C C T
allele funny: 2:518475 T C C A
allele funny: 2:3240054 A G G T
allele funny: 2:4353141 T C C A
allele funny: 2:11210087 T C C A
allele funny: 2:12129823 T C C A
allele funny: 2:12465374 A G G T
allele funny: 2:13250740 A G G T
allele funny: 2:16807378 A G G T
allele funny: 2:21578468 A G G T
allele funny: 2:23681652 A C C T
allele funny: 2:29467468 A G G T
allele funny: 2:31683940 T C C A
allele funny: 2:33439467 A G G T
allele funny: 2:38657924 A G G T
allele funny: 2:41154701 T C C A
allele funny: 2:42252990 T C C A
allele funny: 2:43086466 A C C T
allele funny: 2:45209699 A G G T
allele funny: 2:46297842 A G G T
allele funny: 2:48332235 T G G A
allele funny: 2:49149087 T C C A
allele funny: 2:50440176 T T T C
allele funny: 2:53660665 T C C A
allele funny: 2:54827001 A G G T
allele funny: 2:54832751 T C C A
allele funny: 2:58855410 T C C A
allele funny: 2:59970660 T C C A
allele funny: 2:64597133 A G G T
allele funny: 2:65926939 T C C A
allele funny: 2:67143786 A G G T
allele funny: 2:67311169 A G G T
allele funny: 2:69320341 T C C A
allele funny: 2:70741385 T C C A
allele funny: 2:70952091 T C C A
allele funny: 2:70959861 T C C A
allele funny: 2:71456437 T C C A
allele funny: 2:71887752 T C C A
allele funny: 2:72419055 A G G T
allele funny: 2:72664536 A G G T
allele funny: 2:75351915 A G G T
allele funny: 2:75998967 A G G T
allele funny: 2:77494953 A G G T
allele funny: 2:78418270 T C C A
allele funny: 2:79405150 T C C A
allele funny: 2:79518604 A G G T
allele funny: 2:79742094 A G G T
allele funny: 2:79818908 A G G T
allele funny: 2:84531090 A G G T
allele funny: 2:98312470 T C C A
allele funny: 2:98891487 T C C A
allele funny: 2:104653581 A G G T
allele funny: 2:104787173 T C C A
allele funny: 2:106021009 A G G T
allele funny: 2:107523541 A G G T
allele funny: 2:109965176 A G G T
allele funny: 2:115218238 A G G T
allele funny: 2:115862022 A G G T
allele funny: 2:116908296 T C C A
allele funny: 2:117132068 A G G T
allele funny: 2:118116741 T C C A
allele funny: 2:118433330 T C C A
allele funny: 2:120075155 A G G T
allele funny: 2:123076395 T C C A
allele funny: 2:126662003 T C C A
allele funny: 2:127322284 T C C A
allele funny: 2:128496524 T G G A
allele funny: 2:130220406 T C C A
allele funny: 2:130648707 T C C A
allele funny: 2:130665139 A G G T
allele funny: 2:133233592 A G G T
allele funny: 2:134927045 T C C A
allele funny: 2:138631602 T C C A
allele funny: 2:139458764 A G G T
allele funny: 2:142019597 T C C A
allele funny: 2:148366044 T C C A
allele funny: 2:148406224 A G G T
allele funny: 2:148420867 A G G T
allele funny: 2:151019257 A G G T
allele funny: 2:151330926 T C C A
allele funny: 2:157966424 A G G T
allele funny: 2:163124154 T C C A
allele funny: 2:163199288 A G G T
allele funny: 2:163218766 T C C A
allele funny: 2:164297858 T C C A
allele funny: 2:165597049 C C C T
allele funny: 2:167620924 T G G A
allele funny: 2:173104712 A G G T
allele funny: 2:175893279 T C C A
allele funny: 2:178664781 A G G T
allele funny: 2:179201920 T C C A
allele funny: 2:180096751 A G G T
allele funny: 2:182588702 T C C A
allele funny: 2:182661756 T C C A
allele funny: 2:189737883 T C C A
allele funny: 2:193088726 T C C A
allele funny: 2:195155563 A G G T
allele funny: 2:197218749 T C C A
allele funny: 2:197442605 T C C A
allele funny: 2:198191308 A G G T
allele funny: 2:198359752 T C C A
allele funny: 2:198605112 A G G T
allele funny: 2:202901279 A G G T
allele funny: 2:204086329 T C C A
allele funny: 2:204999473 A G G T
allele funny: 2:206786532 T C C A
allele funny: 2:207785912 A G G T
allele funny: 2:210704200 T C C A
allele funny: 2:211540507 T C C A
allele funny: 2:211841581 A G G T
allele funny: 2:213192048 A G G T
allele funny: 2:214091506 T C C A
allele funny: 2:215539170 A G G T
allele funny: 2:216948127 A G G T
allele funny: 2:223520215 T C C A
allele funny: 2:225700462 A C C T
allele funny: 2:229867457 A G G T
allele funny: 2:234968786 A G G T
allele funny: 2:238030418 A G G T
allele funny: 2:240191686 C C C A
allele funny: 3:118567 T C C A
allele funny: 3:181610 A G G T
allele funny: 3:1333290 A G G T
allele funny: 3:2067052 T G G A
allele funny: 3:2699198 A G G T
allele funny: 3:3092523 A G G T
allele funny: 3:5332974 A G G T
allele funny: 3:5513137 A C C T
allele funny: 3:5720886 A G G T
allele funny: 3:5897751 A G G T
allele funny: 3:7002966 T C C A
allele funny: 3:8462124 A G G T
allele funny: 3:12793323 A G G T
allele funny: 3:17425810 A G G T
allele funny: 3:18331979 A G G T
allele funny: 3:22422272 T C C A
allele funny: 3:25992609 A G G T
allele funny: 3:26517839 T C C A
allele funny: 3:27191626 A G G T
allele funny: 3:28886330 G G G A
allele funny: 3:30323253 T C C A
allele funny: 3:30372053 T C C A
allele funny: 3:32367614 A C C T
allele funny: 3:39273118 T C C A
allele funny: 3:44593620 A G G T
allele funny: 3:44908694 T C C A
allele funny: 3:46773510 A G G T
allele funny: 3:47899878 A G G T
allele funny: 3:54666509 T C C A
allele funny: 3:55466219 T C C A
allele funny: 3:55860526 A G G T
allele funny: 3:56902096 T C C A
allele funny: 3:59910675 A G G T
allele funny: 3:59919476 A G G T
allele funny: 3:62762932 T C C A
allele funny: 3:65386269 A G G T
allele funny: 3:65549416 A C C T
allele funny: 3:65792228 A G G T
allele funny: 3:65794451 T C C A
allele funny: 3:66843365 A G G T
allele funny: 3:67309910 T C C A
allele funny: 3:69846108 A G G T
allele funny: 3:70671050 T C C A
allele funny: 3:70994811 T C C A
allele funny: 3:71004322 T G G A
allele funny: 3:73668388 A C C T
allele funny: 3:74262956 A G G T
allele funny: 3:76770422 G G G A
allele funny: 3:77901839 A G G T
allele funny: 3:78618144 T C C A
allele funny: 3:78686926 T C C A
allele funny: 3:80663009 A A A G
allele funny: 3:82472857 T C C A
allele funny: 3:82975789 G G G T
allele funny: 3:88834413 T C C A
allele funny: 3:93870515 A G G T
allele funny: 3:97585208 A G G T
allele funny: 3:98805315 T C C A
allele funny: 3:102330042 A G G T
allele funny: 3:103014023 T C C A
allele funny: 3:105152186 C C C T
allele funny: 3:105808727 T C C A
allele funny: 3:111456174 A G G T
allele funny: 3:116258075 A C C T
allele funny: 3:121328764 T C C A
allele funny: 3:122813056 A C C T
allele funny: 3:123014715 C A A G
allele funny: 3:124484355 T C C A
allele funny: 3:125865766 T C C A
allele funny: 3:126335151 T C C A
allele funny: 3:126895152 T G G A
allele funny: 3:127502609 A G G T
allele funny: 3:128744952 A G G T
allele funny: 3:128919037 A G G T
allele funny: 3:131722086 A G G T
allele funny: 3:132559306 T C C A
allele funny: 3:134980547 T C C A
allele funny: 3:135267767 T C C A
allele funny: 3:137790183 A G G T
allele funny: 3:140166431 T C C A
allele funny: 3:141027614 T C C A
allele funny: 3:141075124 A G G T
allele funny: 3:148808997 A G G T
allele funny: 3:149252824 T C C A
allele funny: 3:151035961 A G G T
allele funny: 3:155236184 A G G T
allele funny: 3:155466175 A G G T
allele funny: 3:156346928 A G G T
allele funny: 3:156798473 T C C A
allele funny: 3:159669368 T G G A
allele funny: 3:160346420 T C C A
allele funny: 3:161111593 A G G T
allele funny: 3:165500160 A G G T
allele funny: 3:166503411 A G G T
allele funny: 3:172562534 A G G T
allele funny: 3:174585719 T C C A
allele funny: 3:177227517 A G G T
allele funny: 3:177551421 T C C A
allele funny: 3:178225254 A G G T
allele funny: 3:186460385 A G G T
allele funny: 3:190035825 T C C A
allele funny: 3:197211667 T C C A
allele funny: 4:575087 A G G T
allele funny: 4:2210065 T C C A
allele funny: 4:3843006 A G G T
allele funny: 4:5379893 A G G T
allele funny: 4:5869335 T C C A
allele funny: 4:12037208 A G G T
allele funny: 4:13933101 A G G T
allele funny: 4:14447638 T G G A
allele funny: 4:15685739 A G G T
allele funny: 4:16294004 A G G T
allele funny: 4:17189389 T C C A
allele funny: 4:17593113 A G G T
allele funny: 4:20733958 A G G T
allele funny: 4:20936555 T C C A
allele funny: 4:23669223 T C C A
allele funny: 4:27377252 A G G T
allele funny: 4:32000752 T C C A
allele funny: 4:36877580 A C C T
allele funny: 4:37236849 G T T C
allele funny: 4:37434859 T C C A
allele funny: 4:37617780 A G G T
allele funny: 4:39843114 A C C T
allele funny: 4:40397253 T C C A
allele funny: 4:41593202 A G G T
allele funny: 4:45814302 A A A G
allele funny: 4:45831292 A G G T
allele funny: 4:53593769 A G G T
allele funny: 4:58136308 T C C A
allele funny: 4:58597247 A G G T
allele funny: 4:63400883 T C C A
allele funny: 4:64933680 T C C A
allele funny: 4:67188285 A G G T
allele funny: 4:71600252 T C C A
allele funny: 4:72272432 A G G T
allele funny: 4:73450681 A G G T
allele funny: 4:73740231 T C C A
allele funny: 4:74755056 T C C A
allele funny: 4:74809600 T C C A
allele funny: 4:75766227 A G G T
allele funny: 4:75857940 A G G T
allele funny: 4:77917535 T C C A
allele funny: 4:78276420 A G G T
allele funny: 4:78379219 T C C A
allele funny: 4:79258997 T C C A
allele funny: 4:80008376 A C C T
allele funny: 4:89920082 T C C A
allele funny: 4:98114029 T C C A
allele funny: 4:102032508 A G G T
allele funny: 4:103016861 A G G T
allele funny: 4:115237349 T C C A
allele funny: 4:118311857 A G G T
allele funny: 4:120053224 A G G T
allele funny: 4:122104491 T C C A
allele funny: 4:122554785 T C C A
allele funny: 4:125540095 A G G T
allele funny: 4:128146074 G G G A
allele funny: 4:130533488 A G G T
allele funny: 4:136654444 A G G T
allele funny: 4:137289228 T C C A
allele funny: 4:137349221 T C C A
allele funny: 4:138506420 A G G T
allele funny: 4:140284024 A G G T
allele funny: 4:147014568 T C C A
allele funny: 4:148022480 T C C A
allele funny: 4:148350990 T C C A
allele funny: 4:149468795 T C C A
allele funny: 4:149645167 T C C A
allele funny: 4:159460722 T G G A
allele funny: 4:160514970 T G G A
allele funny: 4:165484009 T C C A
allele funny: 4:165687478 A G G T
allele funny: 4:166454808 T C C A
allele funny: 4:168975876 T C C A
allele funny: 4:172002531 A C C T
allele funny: 4:172925427 A G G T
allele funny: 4:173929354 A C C T
allele funny: 4:174173743 A G G T
allele funny: 4:176282120 A G G T
allele funny: 4:176370057 A G G T
allele funny: 4:177401671 A G G T
allele funny: 4:178595811 T C C A
allele funny: 4:179335261 T C C A
allele funny: 4:179389526 G A A C
allele funny: 4:180916219 A G G T
allele funny: 4:181578872 A G G T
allele funny: 4:181924976 A G G T
allele funny: 4:182065498 T C C A
allele funny: 4:187000575 A G G T
allele funny: 5:636438 A G G T
allele funny: 5:2044935 A G G T
allele funny: 5:2884821 A G G T
allele funny: 5:3048932 A G G T
allele funny: 5:3139825 A G G T
allele funny: 5:6009262 A G G T
allele funny: 5:7792917 A C C T
allele funny: 5:8213345 T C C A
allele funny: 5:9871828 T C C A
allele funny: 5:10808090 T G G A
allele funny: 5:17448253 T C C A
allele funny: 5:26629333 T C C A
allele funny: 5:29972987 T C C A
allele funny: 5:31192628 A G G T
allele funny: 5:36155871 A C C T
allele funny: 5:38446764 T C C A
allele funny: 5:39472088 T C C A
allele funny: 5:43399201 T C C A
allele funny: 5:45112213 T C C A
allele funny: 5:57365696 A G G T
allele funny: 5:58634092 A G G T
allele funny: 5:60065941 A G G T
allele funny: 5:62024479 A G G T
allele funny: 5:65976011 A G G T
allele funny: 5:67326867 T C C A
allele funny: 5:67827095 T C C A
allele funny: 5:73548044 A C C T
allele funny: 5:74764730 T C C A
allele funny: 5:75675319 A G G T
allele funny: 5:76852815 A G G T
allele funny: 5:80002739 G G G A
allele funny: 5:81710227 A G G T
allele funny: 5:82080216 T C C A
allele funny: 5:82673682 T C C A
allele funny: 5:85639514 A G G T
allele funny: 5:86168612 A G G T
allele funny: 5:88445165 A G G T
allele funny: 5:91846953 A G G T
allele funny: 5:95085833 A G G T
allele funny: 5:96907622 A G G T
allele funny: 5:98205030 T C C A
allele funny: 5:103136481 T C C A
allele funny: 5:107967015 A G G T
allele funny: 5:109061264 A G G T
allele funny: 5:109282517 T C C A
allele funny: 5:110892087 A G G T
allele funny: 5:113460156 T C C A
allele funny: 5:115141096 T C C A
allele funny: 5:116017166 A G G T
allele funny: 5:116854497 A G G T
allele funny: 5:117950320 T C C A
allele funny: 5:118364496 A G G T
allele funny: 5:120027347 T C C A
allele funny: 5:120100225 T C C A
allele funny: 5:120115857 T C C A
allele funny: 5:120218390 T C C A
allele funny: 5:122264932 T C C A
allele funny: 5:122510129 A G G T
allele funny: 5:122599666 G G G A
allele funny: 5:122681918 T C C A
allele funny: 5:132976969 A A A C
allele funny: 5:135821501 A G G T
allele funny: 5:136706160 A G G T
allele funny: 5:141980820 A G G T
allele funny: 5:144793716 T C C A
allele funny: 5:146733598 T C C A
allele funny: 5:147300462 T C C A
allele funny: 5:147715820 A G G T
allele funny: 5:148342370 T C C A
allele funny: 5:148828909 T C C A
allele funny: 5:149440045 A C C T
allele funny: 5:149988391 A G G T
allele funny: 5:150494912 A G G T
allele funny: 5:150535262 A C C T
allele funny: 5:150867063 A G G T
allele funny: 5:152476022 T C C A
allele funny: 5:154766386 A G G T
allele funny: 5:157246972 A G G T
allele funny: 5:157340122 T C C A
allele funny: 5:157818740 T C C A
allele funny: 5:162759342 A G G T
allele funny: 5:163670227 T C C A
allele funny: 5:166209180 A G G T
allele funny: 5:167212458 T C C A
allele funny: 5:168083426 T C C A
allele funny: 5:168093044 T C C A
allele funny: 5:169140069 A G G T
allele funny: 5:170564576 A A A G
allele funny: 5:171232329 A G G T
allele funny: 5:171486706 A C C T
allele funny: 5:176719501 A G G T
allele funny: 6:3390689 A G G T
allele funny: 6:3747019 A G G T
allele funny: 6:5605464 A G G T
allele funny: 6:5886116 T C C A
allele funny: 6:6228223 A G G T
allele funny: 6:8103048 A G G T
allele funny: 6:9546503 T C C A
allele funny: 6:9597409 G G G T
allele funny: 6:11077490 T C C A
allele funny: 6:11603068 T G G A
allele funny: 6:11687771 A G G T
allele funny: 6:11929602 T C C A
allele funny: 6:14179852 T C C A
allele funny: 6:18046535 T C C A
allele funny: 6:18775171 T C C A
allele funny: 6:22606942 T C C A
allele funny: 6:23546588 A G G T
allele funny: 6:23631118 A G G T
allele funny: 6:23651789 T C C A
allele funny: 6:37783623 A G G T
allele funny: 6:37936151 A G G T
allele funny: 6:40733310 A C C T
allele funny: 6:42153585 T C C A
allele funny: 6:46636214 A G G T
allele funny: 6:47314809 T C C A
allele funny: 6:47317312 A C C T
allele funny: 6:47508432 G G G T
allele funny: 6:50342811 A G G T
allele funny: 6:52757090 T C C A
allele funny: 6:53271503 T C C A
allele funny: 6:53507366 A G G T
allele funny: 6:55948205 T C C A
allele funny: 6:65815881 A G G T
allele funny: 6:70305639 T C C A
allele funny: 6:71361315 T C C A
allele funny: 6:75121683 A G G T
allele funny: 6:79414728 T C C A
allele funny: 6:79922278 T C C A
allele funny: 6:80575027 T C C A
allele funny: 6:81218570 T C C A
allele funny: 6:82034903 T C C A
allele funny: 6:86633473 T C C A
allele funny: 6:88051187 A G G T
allele funny: 6:88057514 A C C T
allele funny: 6:89460542 T C C A
allele funny: 6:89744894 T C C A
allele funny: 6:89927426 A G G T
allele funny: 6:99326811 T C C A
allele funny: 6:99504377 A G G T
allele funny: 6:101147095 A G G T
allele funny: 6:102084491 A G G T
allele funny: 6:104801107 A G G T
allele funny: 6:105198951 T C C A
allele funny: 6:109331509 T C C A
allele funny: 6:109498294 A G G T
allele funny: 6:124698568 A G G T
allele funny: 6:124900701 A A A C
allele funny: 6:128287313 A G G T
allele funny: 6:128648928 A G G T
allele funny: 6:131189874 T C C A
allele funny: 6:132053152 A G G T
allele funny: 6:132123724 A G G T
allele funny: 6:133749658 T C C A
allele funny: 6:139035075 A C C T
allele funny: 6:139378999 T C C A
allele funny: 6:143047226 A G G T
allele funny: 6:144998184 T C C A
allele funny: 6:145383985 T G G A
allele funny: 6:152579302 T C C A
allele funny: 6:152660837 A G G T
allele funny: 6:155555137 T T T G
allele funny: 6:156539127 A G G T
allele funny: 6:160643829 T G G A
allele funny: 6:162384397 A G G T
allele funny: 6:162703419 G G G A
allele funny: 6:164673428 T C C A
allele funny: 6:165025111 A A A G
allele funny: 6:165826525 A G G T
allele funny: 6:167029039 T C C A
allele funny: 6:167717063 A G G T
allele funny: 7:935907 T G G A
allele funny: 7:7399024 A G G T
allele funny: 7:7930676 A G G T
allele funny: 7:8808686 T C C A
allele funny: 7:13302054 T C C A
allele funny: 7:13731213 A G G T
allele funny: 7:15142750 T C C A
allele funny: 7:15637005 A G G T
allele funny: 7:15771551 T C C A
allele funny: 7:21446889 A G G T
allele funny: 7:22929061 T C C A
allele funny: 7:24659862 A G G T
allele funny: 7:28055449 T C C A
allele funny: 7:30122425 T C C A
allele funny: 7:34088690 A G G T
allele funny: 7:34638272 A G G T
allele funny: 7:35415420 A G G T
allele funny: 7:36094620 A G G T
allele funny: 7:36341759 T C C A
allele funny: 7:36727275 A G G T
allele funny: 7:39576558 A C C T
allele funny: 7:40020280 A A A G
allele funny: 7:41264097 A G G T
allele funny: 7:46467020 T C C A
allele funny: 7:55615442 T C C A
allele funny: 7:56002242 A G G T
allele funny: 7:67143897 A G G T
allele funny: 7:68401727 A G G T
allele funny: 7:75549211 A G G T
allele funny: 7:80805664 T C C A
allele funny: 7:81877715 T C C A
allele funny: 7:82909245 A G G T
allele funny: 7:83426836 A G G T
allele funny: 7:85593608 A G G T
allele funny: 7:86648849 A G G T
allele funny: 7:87000027 T C C A
allele funny: 7:89538623 G G G A
allele funny: 7:90078277 G G G T
allele funny: 7:92965784 A G G T
allele funny: 7:93126829 A G G T
allele funny: 7:95238409 T C C A
allele funny: 7:96130748 T T T C
allele funny: 7:98198996 T T T G
allele funny: 7:101109690 T C C A
allele funny: 7:101808963 T C C A
allele funny: 7:105958459 T T T G
allele funny: 7:113713653 T C C A
allele funny: 7:117383449 A G G T
allele funny: 7:118356108 T C C A
allele funny: 7:122381573 T G G A
allele funny: 7:125068993 A C C T
allele funny: 7:134314404 A G G T
allele funny: 7:134822785 G G G A
allele funny: 7:137176498 T C C A
allele funny: 7:139366902 T C C A
allele funny: 7:139976478 T C C A
allele funny: 7:145141185 A G G T
allele funny: 7:146542987 G G G A
allele funny: 7:147980845 T G G A
allele funny: 7:151819022 A G G T
allele funny: 7:153018830 A G G T
allele funny: 7:153525491 A G G T
allele funny: 7:157776390 A C A G
allele funny: 7:158140893 A G G T
allele funny: 7:158298878 A G G T
allele funny: 8:400600 T C C A
allele funny: 8:2545359 T C C A
allele funny: 8:2847500 A G G T
allele funny: 8:4288577 A G G T
allele funny: 8:4553468 T C C A
allele funny: 8:4688296 T C C A
allele funny: 8:5369603 T C C A
allele funny: 8:5929952 A G G T
allele funny: 8:6396696 A C C T
allele funny: 8:8384479 A G G T
allele funny: 8:8915949 A G G T
allele funny: 8:11086169 A G G T
allele funny: 8:12819377 A G G T
allele funny: 8:13505320 T C C A
allele funny: 8:15849448 A G G T
allele funny: 8:18559445 T C C A
allele funny: 8:18941656 A G G T
allele funny: 8:19330875 T C C A
allele funny: 8:19339859 T C C A
allele funny: 8:23372400 A G G T
allele funny: 8:25771654 T C C A
allele funny: 8:26300936 C C C T
allele funny: 8:27187520 A G G T
allele funny: 8:28917682 A G G T
allele funny: 8:30632191 A G G T
allele funny: 8:31314521 A G G T
allele funny: 8:31690650 A G G T
allele funny: 8:31723643 T C C A
allele funny: 8:32402769 A G G T
allele funny: 8:34002008 T G G A
allele funny: 8:34631970 T C C A
allele funny: 8:35309223 A G G T
allele funny: 8:35934191 T C C A
allele funny: 8:36304613 A G G T
allele funny: 8:36775475 T G G A
allele funny: 8:40651025 A C C T
allele funny: 8:41651514 T C C A
allele funny: 8:42528008 T C C A
allele funny: 8:47110489 A G G T
allele funny: 8:49066256 A G G T
allele funny: 8:55534589 A G G T
allele funny: 8:57628460 A C C T
allele funny: 8:59613996 T G G A
allele funny: 8:60756918 A C C T
allele funny: 8:61993755 A G G T
allele funny: 8:71436697 T C C A
allele funny: 8:72759490 T C C A
allele funny: 8:73377941 T G G A
allele funny: 8:74094086 A G G T
allele funny: 8:75921918 T C C A
allele funny: 8:78686041 T C C A
allele funny: 8:79914934 A G G T
allele funny: 8:79977815 A G G T
allele funny: 8:81940988 T C C A
allele funny: 8:82617029 A G G T
allele funny: 8:92063969 A G G T
allele funny: 8:93815518 T C C A
allele funny: 8:95293882 T C C A
allele funny: 8:97339587 A G G T
allele funny: 8:98982053 A G G T
allele funny: 8:101373876 T C C A
allele funny: 8:102514354 A G G T
allele funny: 8:102998145 A C C T
allele funny: 8:104159929 A G G T
allele funny: 8:105796187 T C C A
allele funny: 8:107524687 G G G T
allele funny: 8:112792228 G A A C
allele funny: 8:114838779 A G G T
allele funny: 8:115795871 T C C A
allele funny: 8:118174718 T C C A
allele funny: 8:119110513 A G G T
allele funny: 8:124641220 A G G T
allele funny: 8:126507474 T C C A
allele funny: 8:126627899 T C C A
allele funny: 8:127675332 A G G T
allele funny: 8:127683774 A G G T
allele funny: 8:129124831 T C C A
allele funny: 8:129482372 T C C A
allele funny: 8:130854682 A C C T
allele funny: 8:132506431 A G G T
allele funny: 8:133909484 A G G T
allele funny: 8:135523766 A G G T
allele funny: 8:140925766 T C C A
allele funny: 9:2723761 T C C A
allele funny: 9:3028993 A G G T
allele funny: 9:3071301 A G G T
allele funny: 9:4031761 A G G T
allele funny: 9:4207963 T C C A
allele funny: 9:4219259 A G G T
allele funny: 9:4836094 A G G T
allele funny: 9:7565921 T T T C
allele funny: 9:8124497 C T T G
allele funny: 9:8845177 C C C A
allele funny: 9:10075721 A G G T
allele funny: 9:13647404 A G G T
allele funny: 9:16132171 A G G T
allele funny: 9:16352397 A C C T
allele funny: 9:17878999 T C C A
allele funny: 9:18001839 A G G T
allele funny: 9:18080592 T C C A
allele funny: 9:22720481 T C C A
allele funny: 9:27674224 A G G T
allele funny: 9:27933837 T C C A
allele funny: 9:28002083 T C C A
allele funny: 9:28770065 T C C A
allele funny: 9:29075839 A G G T
allele funny: 9:32852662 T C C A
allele funny: 9:72423737 A G G T
allele funny: 9:74119316 A G G T
allele funny: 9:75156665 A G G T
allele funny: 9:78289935 T C C A
allele funny: 9:78342898 A C C T
allele funny: 9:78740235 T C C A
allele funny: 9:79363610 A G G T
allele funny: 9:79626241 T C C A
allele funny: 9:79752828 T C C A
allele funny: 9:80279958 A A A C
allele funny: 9:82562184 A G G T
allele funny: 9:83723471 A G G T
allele funny: 9:84010440 T C C A
allele funny: 9:85526161 T C C A
allele funny: 9:87799492 G G G T
allele funny: 9:89821983 A G G T
allele funny: 9:90313449 T T T G
allele funny: 9:90805345 A G G T
allele funny: 9:96254928 A G G T
allele funny: 9:97419146 T C C A
allele funny: 9:99449492 A G G T
allele funny: 9:102199295 A C C T
allele funny: 9:109699547 C C C T
allele funny: 9:109711878 T C C A
allele funny: 9:112152419 A G G T
allele funny: 9:117775674 A G G T
allele funny: 9:118404586 A G G T
allele funny: 9:120108748 T C C A
allele funny: 9:120497729 A G G T
allele funny: 9:121081914 T C C A
allele funny: 9:121344156 A G G T
allele funny: 9:121787054 T C C A
allele funny: 9:124072652 A G G T
allele funny: 9:128280315 G A G T
allele funny: 9:129046512 A G G T
allele funny: 9:130358236 T C C A
allele funny: 9:136676715 A G G T
allele funny: 9:138146828 T C C A
allele funny: 10:470698 A G G T
allele funny: 10:3138558 C C C T
allele funny: 10:5563929 A G G T
allele funny: 10:5633799 A G G T
allele funny: 10:8103452 A G G T
allele funny: 10:13050468 T G G A
allele funny: 10:13687622 T C C A
allele funny: 10:15199347 T C C A
allele funny: 10:15214484 A G G T
allele funny: 10:18247677 A G G T
allele funny: 10:20956365 T C C A
allele funny: 10:22474511 G G G A
allele funny: 10:22825492 A G G T
allele funny: 10:22869502 T C C A
allele funny: 10:23564964 A G G T
allele funny: 10:24237790 A G G T
allele funny: 10:26035106 T G G A
allele funny: 10:28564927 T C C A
allele funny: 10:38182670 T C C A
allele funny: 10:44038101 G G G T
allele funny: 10:44909081 T C C A
allele funny: 10:48533604 A G G T
allele funny: 10:52051645 A G G T
allele funny: 10:54500303 A G G T
allele funny: 10:56025984 A G G T
allele funny: 10:56570136 T G G A
allele funny: 10:58681058 T C C A
allele funny: 10:62742224 A G G T
allele funny: 10:63240300 A G G T
allele funny: 10:63303515 T C C A
allele funny: 10:65216244 T C C A
allele funny: 10:65493131 A G G T
allele funny: 10:65649406 A G G T
allele funny: 10:65828233 A G G T
allele funny: 10:67614091 T C C A
allele funny: 10:67784429 T C C A
allele funny: 10:68274044 T G G A
allele funny: 10:72462994 T C C A
allele funny: 10:75658349 A G G T
allele funny: 10:77154452 T G G A
allele funny: 10:78311287 A G G T
allele funny: 10:78471394 T G G A
allele funny: 10:80396237 A G G T
allele funny: 10:82180023 T C C A
allele funny: 10:84620220 A C C T
allele funny: 10:85455111 A G G T
allele funny: 10:85625849 A G G T
allele funny: 10:91097085 A G G T
allele funny: 10:95848512 T C C A
allele funny: 10:98056120 A G G T
allele funny: 10:98066286 T C C A
allele funny: 10:98527786 T C C A
allele funny: 10:101237890 T C C A
allele funny: 10:101611294 T G G A
allele funny: 10:102522536 T C C A
allele funny: 10:109194263 A C C T
allele funny: 10:111202837 T C C A
allele funny: 10:112904539 A G G T
allele funny: 10:113132129 A G G T
allele funny: 10:113382456 A G G T
allele funny: 10:113879987 A G G T
allele funny: 10:119138928 A G G T
allele funny: 10:120577757 A G G T
allele funny: 10:120738902 T C C A
allele funny: 10:121059858 T C C A
allele funny: 10:121188625 A G G T
allele funny: 10:122859177 A G G T
allele funny: 10:123834482 A C C T
allele funny: 10:124949018 C C C T
allele funny: 10:125089808 T C C A
allele funny: 10:129289426 A G G T
allele funny: 10:130826981 A C C T
allele funny: 10:131365239 A G G T
allele funny: 10:132479738 T C C A
allele funny: 10:133630591 A G G T
allele funny: 11:3377134 A G G T
allele funny: 11:4613203 A G G T
allele funny: 11:5514892 T C C A
allele funny: 11:12759337 A G G T
allele funny: 11:15169639 A G G T
allele funny: 11:15595145 A G G T
allele funny: 11:15696489 T C C A
allele funny: 11:15833317 A G G T
allele funny: 11:19235154 A G G T
allele funny: 11:21531851 A G G T
allele funny: 11:22618626 T C C A
allele funny: 11:23833286 A G G T
allele funny: 11:28561463 T C C A
allele funny: 11:29795932 A G G T
allele funny: 11:30584613 T C C A
allele funny: 11:30830018 A G G T
allele funny: 11:31702516 A G G T
allele funny: 11:36521415 T G G A
allele funny: 11:37172103 A G G T
allele funny: 11:38845174 T C C A
allele funny: 11:40614719 T C C A
allele funny: 11:44252717 A G G T
allele funny: 11:44387381 A G G T
allele funny: 11:45375761 T C C A
allele funny: 11:47575127 A G G T
allele funny: 11:55472533 A G G T
allele funny: 11:62194100 T C C A
allele funny: 11:62704964 A C C T
allele funny: 11:62716373 T C C A
allele funny: 11:64397239 T C C A
allele funny: 11:71251775 T C C A
allele funny: 11:73913532 A G G T
allele funny: 11:74911954 T C C A
allele funny: 11:77209542 C C C T
allele funny: 11:80772535 T G G A
allele funny: 11:80902705 T C C A
allele funny: 11:83296422 T C C A
allele funny: 11:83857834 A G G T
allele funny: 11:83972295 A C C T
allele funny: 11:87154912 T G G A
allele funny: 11:87455489 A G G T
allele funny: 11:89994229 T C C A
allele funny: 11:91612929 G G G T
allele funny: 11:91628663 T C C A
allele funny: 11:92786218 T C C A
allele funny: 11:94867139 A G G T
allele funny: 11:95154869 T C C A
allele funny: 11:96820949 A G G T
allele funny: 11:99307520 T C C A
allele funny: 11:102590899 A C C T
allele funny: 11:102810078 A G G T
allele funny: 11:109425576 T C C A
allele funny: 11:110730901 A C C T
allele funny: 11:111365076 A G G T
allele funny: 11:112748992 A C C T
allele funny: 11:114837758 A G G T
allele funny: 11:115455451 A G G T
allele funny: 11:116066814 T C C A
allele funny: 11:117635223 T C C A
allele funny: 11:118802128 A G G T
allele funny: 11:119315478 T C C A
allele funny: 11:119800547 T C C A
allele funny: 11:120343107 A G G T
allele funny: 11:120499361 T G G A
allele funny: 11:121099539 T C C A
allele funny: 11:121671778 A G G T
allele funny: 11:126353277 A G G T
allele funny: 11:126811716 A G G T
allele funny: 11:128558707 A G G T
allele funny: 11:128703407 A C C T
allele funny: 11:128752670 A C C T
allele funny: 11:132975393 A G G T
allele funny: 11:134295458 A G G T
allele funny: 11:134618405 T C C A
allele funny: 12:5124379 A G G T
allele funny: 12:5294347 A G G T
allele funny: 12:5618948 T C C A
allele funny: 12:9384958 T C C A
allele funny: 12:13409299 A C C T
allele funny: 12:14106790 T C C A
allele funny: 12:17103760 A G G T
allele funny: 12:19836422 A G G T
allele funny: 12:20146647 A G G T
allele funny: 12:22327988 A C C T
allele funny: 12:22883920 A A A G
allele funny: 12:23005872 A G G T
allele funny: 12:25447533 C T T G
allele funny: 12:27334422 T G G A
allele funny: 12:28374284 T C C A
allele funny: 12:30188975 C C C T
allele funny: 12:30245738 A G G T
allele funny: 12:30382148 A C C T
allele funny: 12:32665557 A G G T
allele funny: 12:33316117 A G G T
allele funny: 12:41310138 T C C A
allele funny: 12:42158719 A A A G
allele funny: 12:43018212 A G G T
allele funny: 12:45519421 A G G T
allele funny: 12:46516129 T C C A
allele funny: 12:48382418 T T T C
allele funny: 12:52441550 T C C A
allele funny: 12:52775967 A C C T
allele funny: 12:53927554 T C C A
allele funny: 12:55439902 T C C A
allele funny: 12:56257292 T C C A
allele funny: 12:57240377 T C C A
allele funny: 12:58732009 T C C A
allele funny: 12:58795242 T C C A
allele funny: 12:63540476 T C C A
allele funny: 12:63554627 A G G T
allele funny: 12:66913729 T C C A
allele funny: 12:68126696 T C C A
allele funny: 12:68739531 T C C A
allele funny: 12:69290682 A G G T
allele funny: 12:71147706 A G G T
allele funny: 12:71422607 T C C A
allele funny: 12:74008318 T C C A
allele funny: 12:74554198 T G G A
allele funny: 12:74766421 T C C A
allele funny: 12:78210194 A G G T
allele funny: 12:78411594 T C C A
allele funny: 12:79518304 T C C A
allele funny: 12:79529201 T C C A
allele funny: 12:81383049 T C C A
allele funny: 12:84359892 T C C A
allele funny: 12:84429013 T C C A
allele funny: 12:89862030 A G G T
allele funny: 12:93824397 T C C A
allele funny: 12:95137219 A C C T
allele funny: 12:96167151 A G G T
allele funny: 12:99784269 T C C A
allele funny: 12:100274330 G G G A
allele funny: 12:101920454 A G G T
allele funny: 12:106250081 C C C T
allele funny: 12:106492140 A G G T
allele funny: 12:106554282 A G G T
allele funny: 12:106773005 T C C A
allele funny: 12:107048423 T G G A
allele funny: 12:108558916 A G G T
allele funny: 12:108572719 A C C T
allele funny: 12:108872704 A G G T
allele funny: 12:109174455 T C C A
allele funny: 12:109799212 T C C A
allele funny: 12:113248488 T C C A
allele funny: 12:113297695 T C C A
allele funny: 12:115704475 A G G T
allele funny: 12:118402654 T C C A
allele funny: 12:121944131 A G G T
allele funny: 12:122491375 T C C A
allele funny: 12:128307981 T C C A
allele funny: 12:129556120 T C C A
allele funny: 12:130391024 T C C A
allele funny: 12:131087440 A G G T
allele funny: 12:131237524 A G G T
allele funny: 12:131995718 T C C A
allele funny: 13:27001254 T C C A
allele funny: 13:29124479 T C C A
allele funny: 13:30029722 T C C A
allele funny: 13:30229591 A G G T
allele funny: 13:32086120 A C C T
allele funny: 13:32688263 A G G T
allele funny: 13:34993012 A G G T
allele funny: 13:36287373 A G G T
allele funny: 13:36348051 A G G T
allele funny: 13:36427176 T C C A
allele funny: 13:37295521 T C C A
allele funny: 13:37307350 C T T G
allele funny: 13:39064286 T T T C
allele funny: 13:42570321 T C C A
allele funny: 13:45810063 T C C A
allele funny: 13:47397556 T C C A
allele funny: 13:48137543 A G G T
allele funny: 13:48446136 T C C A
allele funny: 13:51412087 A G G T
allele funny: 13:51578422 A G G T
allele funny: 13:52437421 A G G T
allele funny: 13:52819939 T C C A
allele funny: 13:61177591 A G G T
allele funny: 13:61723350 T C C A
allele funny: 13:64591709 T C C A
allele funny: 13:69035661 T C C A
allele funny: 13:70326432 A G G T
allele funny: 13:72343661 A G G T
allele funny: 13:74906627 A G G T
allele funny: 13:76217506 T C C A
allele funny: 13:76226338 C C C T
allele funny: 13:77375266 T C C A
allele funny: 13:77975946 A G G T
allele funny: 13:78350369 T C C A
allele funny: 13:85023037 T C C A
allele funny: 13:85613018 A G G T
allele funny: 13:88243311 A G G T
allele funny: 13:91603186 T C C A
allele funny: 13:94825819 T C C A
allele funny: 13:96104300 C C C T
allele funny: 13:96126828 T C C A
allele funny: 13:96821653 T C C A
allele funny: 13:97550959 A G G T
allele funny: 13:98451711 A G G T
allele funny: 13:101833386 G A A C
allele funny: 13:103620518 A G G T
allele funny: 13:103948111 A C C T
allele funny: 13:104078156 A G G T
allele funny: 13:105454212 T C C A
allele funny: 13:107753563 T C C A
allele funny: 13:110929346 A G G T
allele funny: 13:112693021 A G G T
allele funny: 14:21276422 A C C T
allele funny: 14:21446227 A G G T
allele funny: 14:23004710 A G G T
allele funny: 14:23539133 A C C T
allele funny: 14:24218525 T C C A
allele funny: 14:26754036 A G G T
allele funny: 14:26836284 G G G A
allele funny: 14:27752103 A G G T
allele funny: 14:27940232 A G G T
allele funny: 14:30963357 T C C A
allele funny: 14:33853007 A G G T
allele funny: 14:34536292 A G G T
allele funny: 14:34879025 T C C A
allele funny: 14:38862279 A G G T
allele funny: 14:39206783 T C C A
allele funny: 14:42796970 A G G T
allele funny: 14:47585507 A G G T
allele funny: 14:52981240 T C C A
allele funny: 14:53708138 A G G T
allele funny: 14:55586384 A G G T
allele funny: 14:58316615 T C C A
allele funny: 14:59138971 A G G T
allele funny: 14:59884587 A G G T
allele funny: 14:59942674 T C C A
allele funny: 14:60225754 A G G T
allele funny: 14:60636538 A G G T
allele funny: 14:60767906 T C C A
allele funny: 14:63734499 A G G T
allele funny: 14:64969342 T C C A
allele funny: 14:67251723 A G G T
allele funny: 14:70266367 A G G T
allele funny: 14:70584422 T C C A
allele funny: 14:72674550 T C C A
allele funny: 14:73181556 T C C A
allele funny: 14:75801084 T C C A
allele funny: 14:75815263 T C C A
allele funny: 14:76504415 T C C A
allele funny: 14:76978542 A G G T
allele funny: 14:78300329 T C C A
allele funny: 14:78380965 A C C T
allele funny: 14:79077610 T T T C
allele funny: 14:79292250 A A A C
allele funny: 14:79928225 T C C A
allele funny: 14:82492380 A G G T
allele funny: 14:82966970 T C C A
allele funny: 14:83910326 T C C A
allele funny: 14:84875637 G G G A
allele funny: 14:93701842 A G G T
allele funny: 14:94197929 T C C A
allele funny: 14:94580965 T C C A
allele funny: 14:94852658 A C C T
allele funny: 14:94965685 T C C A
allele funny: 14:95478606 C C C T
allele funny: 14:95899979 T C C A
allele funny: 14:96080595 A G G T
allele funny: 14:97056661 T C C A
allele funny: 14:97426914 A G G T
allele funny: 14:97854677 T C C A
allele funny: 14:100896215 A G G T
allele funny: 14:101247032 A G G T
allele funny: 14:104758887 G G G A
allele funny: 14:107240429 T C C A
allele funny: 15:25660543 A G G T
allele funny: 15:25787619 T C C A
allele funny: 15:26219876 T C C A
allele funny: 15:26238520 A G G T
allele funny: 15:27288730 T C C A
allele funny: 15:27409127 A G G T
allele funny: 15:29343792 G A A C
allele funny: 15:31830739 T C C A
allele funny: 15:32392450 T C C A
allele funny: 15:36094454 T C C A
allele funny: 15:37656571 T C C A
allele funny: 15:42445554 A G G T
allele funny: 15:45047694 A G G T
allele funny: 15:45592769 A G G T
allele funny: 15:47652816 A G G T
allele funny: 15:50623952 T G G A
allele funny: 15:52662995 T C C A
allele funny: 15:53288387 T C C A
allele funny: 15:60576277 A G G T
allele funny: 15:60815390 A G G T
allele funny: 15:62837619 A G G T
allele funny: 15:66306351 A G G T
allele funny: 15:67535996 T C C A
allele funny: 15:71683023 T C C A
allele funny: 15:73148345 A G G T
allele funny: 15:78567853 A G G T
allele funny: 15:81079032 A G G T
allele funny: 15:83752690 T C C A
allele funny: 15:85500229 T C C A
allele funny: 15:85650743 A G G T
allele funny: 15:87512666 T C C A
allele funny: 15:88373500 A G G T
allele funny: 15:92487798 C C C T
allele funny: 15:92623133 A G G T
allele funny: 15:94796659 T C C A
allele funny: 15:95946089 A G G T
allele funny: 15:96485973 A C C T
allele funny: 15:98870293 T C C A
allele funny: 15:100575346 T C C A
allele funny: 16:3687973 A G G T
allele funny: 16:3787293 A G G T
allele funny: 16:5460582 A G G T
allele funny: 16:5857309 T C C A
allele funny: 16:6539775 A G G T
allele funny: 16:7257762 T C C A
allele funny: 16:9919161 A C C T
allele funny: 16:10220961 T C C A
allele funny: 16:10893887 T T T C
allele funny: 16:11259695 A G G T
allele funny: 16:14085939 T C C A
allele funny: 16:17277372 T C C A
allele funny: 16:17531571 T C C A
allele funny: 16:19914640 T C C A
allele funny: 16:20564390 A G G T
allele funny: 16:21220262 A G G T
allele funny: 16:23083689 T C C A
allele funny: 16:23132070 G G G A
allele funny: 16:23746670 A G G T
allele funny: 16:24019212 T C C A
allele funny: 16:27883736 T C C A
allele funny: 16:48095895 T C C A
allele funny: 16:49508133 A G G T
allele funny: 16:49533796 T C C A
allele funny: 16:51352918 G G G A
allele funny: 16:52666739 T C C A
allele funny: 16:57052509 T C C A
allele funny: 16:58141427 A G G T
allele funny: 16:61780606 A C C T
allele funny: 16:61916998 T G G A
allele funny: 16:63597614 T C C A
allele funny: 16:63801826 A C C T
allele funny: 16:65476268 A G G T
allele funny: 16:65915964 T C C A
allele funny: 16:66241231 A C C T
allele funny: 16:68712730 T C C A
allele funny: 16:68905444 T C C A
allele funny: 16:70818629 A G G T
allele funny: 16:74317160 A G G T
allele funny: 16:75026015 T C C A
allele funny: 16:77351597 T C C A
allele funny: 16:77926021 T G G A
allele funny: 16:78221697 T C C A
allele funny: 16:78463242 T C C A
allele funny: 16:78502389 T T T C
allele funny: 16:79245820 A G G T
allele funny: 16:80079259 A G G T
allele funny: 16:81599271 A G G T
allele funny: 16:81622161 T C C A
allele funny: 16:82446005 A G G T
allele funny: 16:82991003 T C C A
allele funny: 16:83196443 A G G T
allele funny: 16:85534024 T C C A
allele funny: 16:86553143 A G G T
allele funny: 16:87257082 C C C T
allele funny: 16:87297390 A G G T
allele funny: 16:88091136 A G G T
allele funny: 17:9773043 T C C A
allele funny: 17:9828950 T C C A
allele funny: 17:10719024 A G G T
allele funny: 17:11398904 A G G T
allele funny: 17:14424646 A C C T
allele funny: 17:14652437 A G G T
allele funny: 17:17431208 T C C A
allele funny: 17:17597426 T C C A
allele funny: 17:18208493 T C C A
allele funny: 17:21427510 T C C A
allele funny: 17:25568638 T C C A
allele funny: 17:29119188 C C C T
allele funny: 17:29671293 T C C A
allele funny: 17:33414758 T C C A
allele funny: 17:41155360 A G G T
allele funny: 17:41736311 T C C A
allele funny: 17:42622280 T C C A
allele funny: 17:46554937 T C C A
allele funny: 17:49415373 T C C A
allele funny: 17:53872937 T G G A
allele funny: 17:58966398 T C C A
allele funny: 17:58992799 T C C A
allele funny: 17:64277123 T G G A
allele funny: 17:64474016 T C C A
allele funny: 17:64681102 A G G T
allele funny: 17:66573372 T C C A
allele funny: 17:67697307 A G G T
allele funny: 17:72235579 T C C A
allele funny: 17:72301186 A G G T
allele funny: 17:75717411 G T T C
allele funny: 17:79686593 A G G T
allele funny: 17:79943825 T C C A
allele funny: 18:3709508 T C C A
allele funny: 18:4128476 A G G T
allele funny: 18:6199234 T G G A
allele funny: 18:6334365 A G G T
allele funny: 18:7238619 T C C A
allele funny: 18:9186684 A G G T
allele funny: 18:10520106 T G G A
allele funny: 18:11313369 A G G T
allele funny: 18:11472102 T G G A
allele funny: 18:12094031 A G G T
allele funny: 18:12772318 T C C A
allele funny: 18:12878582 T C C A
allele funny: 18:13472822 A G G T
allele funny: 18:18574669 A C C T
allele funny: 18:21502848 A G G T
allele funny: 18:22314972 T C C A
allele funny: 18:27332715 T C C A
allele funny: 18:28612229 A G G T
allele funny: 18:33529669 T C C A
allele funny: 18:35064856 T C C A
allele funny: 18:38713324 A G G T
allele funny: 18:40834432 A G G T
allele funny: 18:41727571 T C C A
allele funny: 18:42543105 T C C A
allele funny: 18:42621431 A G G T
allele funny: 18:45058914 T C C A
allele funny: 18:47713118 T C C A
allele funny: 18:49276979 T G G A
allele funny: 18:50300906 A A A G
allele funny: 18:50904639 T C C A
allele funny: 18:55257063 T C C A
allele funny: 18:61150768 A G G T
allele funny: 18:63899848 T C C A
allele funny: 18:65551372 T G G A
allele funny: 18:65989662 T C C A
allele funny: 18:67479515 T C C A
allele funny: 18:68378695 T C C A
allele funny: 18:70963674 A G G T
allele funny: 18:71739540 T C C A
allele funny: 18:73427438 T C C A
allele funny: 18:73863413 T C C A
allele funny: 18:75164819 A G G T
allele funny: 18:76088951 A C C T
allele funny: 19:2249477 A G G T
allele funny: 19:5009466 A G G T
allele funny: 19:7422161 A G G T
allele funny: 19:7465933 T C C A
allele funny: 19:11534391 A G G T
allele funny: 19:17010384 A G G T
allele funny: 19:17760940 T C C A
allele funny: 19:29047134 T C C A
allele funny: 19:29353908 T C C A
allele funny: 19:29364134 T C C A
allele funny: 19:30637004 A G G T
allele funny: 19:31812172 A G G T
allele funny: 19:35362156 T C C A
allele funny: 19:35657284 A G G T
allele funny: 19:41894678 T G G A
allele funny: 19:42744402 T C C A
allele funny: 19:42988843 G G G A
allele funny: 19:44082429 T C C A
allele funny: 19:47023410 A G G T
allele funny: 19:53518747 A G G T
allele funny: 19:57942004 A G G T
allele funny: 20:3434010 A G G T
allele funny: 20:5753865 T C C A
allele funny: 20:5801710 T C C A
allele funny: 20:5873346 A G G T
allele funny: 20:7029474 T C C A
allele funny: 20:8575333 C C C A
allele funny: 20:13464030 T C C A
allele funny: 20:16086423 T C C A
allele funny: 20:16400808 A G G T
allele funny: 20:18237507 T C C A
allele funny: 20:18777077 A G G T
allele funny: 20:19475230 A G G T
allele funny: 20:24329112 T C C A
allele funny: 20:24839937 T C C A
allele funny: 20:35487159 T C C A
allele funny: 20:37206911 A G G T
allele funny: 20:37265430 A G G T
allele funny: 20:38968259 T C C A
allele funny: 20:40509398 A G G T
allele funny: 20:40879131 A A A G
allele funny: 20:42857000 A G G T
allele funny: 20:43254695 A G G T
allele funny: 20:50183070 A A A G
allele funny: 20:53705651 T C C A
allele funny: 20:54211960 T C C A
allele funny: 20:54344824 T C C A
allele funny: 20:55193578 T C C A
allele funny: 20:55195844 A G G T
allele funny: 20:55535082 T G G A
allele funny: 20:58852966 T C C A
allele funny: 20:59161857 A G G T
allele funny: 20:59336076 T C C A
allele funny: 20:59657231 T C C A
allele funny: 20:59720217 A G G T
allele funny: 20:60329418 T C C A
allele funny: 20:61706588 A G G T
allele funny: 21:16977451 A A A C
allele funny: 21:17081727 A G G T
allele funny: 21:19040287 T C C A
allele funny: 21:19479731 A G G T
allele funny: 21:21895494 A C C T
allele funny: 21:23996243 T T T G
allele funny: 21:24457235 T C C A
allele funny: 21:24526606 T G G A
allele funny: 21:25233689 A G G T
allele funny: 21:27165281 G G G A
allele funny: 21:32326144 A G G T
allele funny: 21:33340274 T C C A
allele funny: 21:33499831 A G G T
allele funny: 21:33609193 A G G T
allele funny: 21:36816452 T C C A
allele funny: 21:40887185 T C C A
allele funny: 21:41274744 A G G T
allele funny: 21:43625873 A G G T
allele funny: 21:45082112 C C C T
allele funny: 21:45561858 T T T G
allele funny: 21:45668171 A G G T
allele funny: 21:46756700 A C C T
allele funny: 21:46839625 A G G T
allele funny: 22:24087261 A G G T
allele funny: 22:30919706 T C C A
allele funny: 22:31260425 A G G T
allele funny: 22:32353894 A G G T
allele funny: 22:34146410 A G G T
allele funny: 22:35797833 A G G T
allele funny: 22:38121152 T C C A
allele funny: 22:39911117 A G G T
allele funny: 22:41198344 T C C A
allele funny: 22:41249248 C A A G
allele funny: 22:43019632 T C C A
allele funny: 22:43849211 A G G T
allele funny: 22:44499250 A G G T
allele funny: 22:45826011 T C C A
allele funny: 22:47692123 T G G A
allele funny: 22:48994792 T G G A
allele funny: 22:49602803 A G G T
allele funny: 22:50083022 T C C A
numsnps: 420174  numindivs: 16393
packedancestrymap output
##end of mergeit run
