parameter file: 1-pca.par
### THE INPUT PARAMETERS
##PARAMETER NAME: VALUE
genotypename: /home1/mkato/hdd_data/1-merged_data/sample/merged/m_merged_1240K_0.05.bed
snpname: /home1/mkato/hdd_data/1-merged_data/sample/merged/m_merged_1240K_0.05.bim
indivname: /home1/mkato/hdd_data/1-merged_data/sample/merged/m_merged_1240K_0.05.fam
evecoutname: /home1/mkato/hdd_data/2-0-pca/jomon_1240K_0.05.evec.txt
evaloutname: /home1/mkato/hdd_data/2-0-pca/jomon_1240K_0.05.eval.txt
lsqproject: YES
numoutlieriter: 0
numoutevec: 5
## smartpca version: 18140
norm used

lsqproject used
genotype file processed
snps deleted (nodata): 66958.  deletesnpoutname: for detailsnumber of samples used: 675 number of snps used: 3571519
number of pops for axes: 2
Using 63 threads, and partial sum lookup algorithm.
total number of snps killed in pass: 0  used: 3571519
mpstats:     0.788    0.891    1.035    0.277250

## Tracy-Widom statistics: rows: 675  cols: 3571519
  #N    eigenvalue  difference    twstat      p-value effect. n
   1     11.364421          NA   479.865            0  1444.969
   2      6.361135   -5.003286   301.775            0  2119.948
   3      5.464378   -0.896757   269.901            0  2416.167
   4      4.724648   -0.739730   233.576            0  2678.263
   5      4.589802   -0.134846   242.197            0  2897.443
   6      4.331865   -0.257938   238.196            0  3142.742
   7      3.961935   -0.369930   218.613            0  3394.992
   8      3.588736   -0.373198   192.388            0  3626.959
   9      2.886103   -0.702633   120.004            0  3826.779
  10      2.692738   -0.193365   101.441 6.88781e-298  3934.641
  11      2.640557   -0.052181    99.034 2.03243e-287  4024.232
  12      2.522984   -0.117572    87.920  9.4907e-241  4113.025
  13      2.449795   -0.073190    81.748 4.72851e-216  4191.821
  14      2.414930   -0.034864    80.205 5.07798e-210  4265.707
  15      2.384122   -0.030808    79.060 1.39013e-205  4339.252
  16      2.372775   -0.011347    80.454 5.43234e-211  4412.828
  17      2.357240   -0.015534    81.304 2.60078e-214  4489.028
  18      2.348553   -0.008688    83.118 1.86954e-221  4567.372
  19      2.334863   -0.013689    84.279 4.52727e-226  4648.970
  20      2.322427   -0.012437    85.641 1.59661e-231  4733.231
  21      2.320419   -0.002008    88.565 2.23066e-243  4820.474
  22      2.305856   -0.014563    89.749 3.09009e-248  4912.643
  23      2.297700   -0.008156    91.920 3.18029e-257  5007.881
  24      2.292991   -0.004708    94.702 6.69046e-269  5107.520
  25      2.284015   -0.008976    96.942 2.01204e-278  5212.545
  26      2.273362   -0.010653    98.999 2.85827e-287  5322.513
  27      2.267021   -0.006341   101.825 1.43839e-299  5437.408
  28      2.260172   -0.006850   104.692 3.15773e-312  5558.538
  29      2.254340   -0.005832   107.859            0  5686.293
  30      2.235335   -0.019005   108.934            0  5821.483
  31      2.227015   -0.008320   111.849            0  5961.263
  32      2.204192   -0.022823   112.334            0  6108.754
  33      2.190097   -0.014095   114.324            0  6260.357
  34      2.155138   -0.034959   112.545            0  6418.748
  35      2.140825   -0.014313   114.374            0  6577.709
  36      2.101185   -0.039640   111.428            0  6743.498
  37      1.895798   -0.205387    76.057 4.30189e-194  6907.812
  38      1.879404   -0.016394    75.474 6.92478e-192  7017.167
  39      1.859586   -0.019817    74.145 6.81709e-187  7127.373
  40      1.764760   -0.094826    57.660 8.75233e-129  7237.285
  41      1.731982   -0.032778    52.962 1.32848e-113  7324.676
  42      1.682893   -0.049089    44.722   1.3977e-88  7406.666
  43      1.638844   -0.044050    37.198  1.17509e-67  7478.570
  44      1.630211   -0.008632    36.756  1.73059e-66  7541.587
  45      1.581529   -0.048682    27.931  1.11846e-44  7604.668
  46      1.559375   -0.022155    24.409  7.70397e-37  7657.523
  47      1.531595   -0.027779    19.599  5.06213e-27  7706.673
  48      1.505402   -0.026193    15.001   1.0822e-18  7750.686
  49      1.442596   -0.062807     2.491   0.00442235  7789.903
  50      1.425182   -0.017414    -0.564     0.292636  7816.369
  51      1.411644   -0.013537    -2.842     0.909068  7840.001
  52      1.358689   -0.052955   -13.631            1  7861.579
  53      1.358094   -0.000595   -13.295            1  7873.603
  54      1.334897   -0.023197   -17.831            1  7885.946
  55      1.306720   -0.028176   -23.498            1  7894.553
  56      1.297134   -0.009586   -25.202            1  7898.728
  57      1.287728   -0.009406   -26.882            1  7901.618
  58      1.280965   -0.006763   -28.006            1  7903.262
  59      1.272502   -0.008463   -29.508            1  7904.078
  60      1.267582   -0.004920   -30.254            1  7903.807
  61      1.263173   -0.004409   -30.895            1  7902.993
  62      1.259459   -0.003714   -31.390            1  7901.712
  63      1.255006   -0.004452   -32.050            1  7900.067
  64      1.253478   -0.001528   -32.078            1  7897.945
  65      1.248865   -0.004613   -32.779            1  7895.782
  66      1.247940   -0.000925   -32.681            1  7893.116
  67      1.246155   -0.001785   -32.771            1  7890.494
  68      1.241747   -0.004408   -33.433            1  7887.789
  69      1.239718   -0.002029   -33.582            1  7884.607
  70      1.233549   -0.006169   -34.635            1  7881.300
  71      1.232172   -0.001376   -34.649            1  7877.256
  72      1.230341   -0.001831   -34.763            1  7873.177
  73      1.228145   -0.002196   -34.957            1  7868.996
  74      1.228014   -0.000131   -34.702            1  7864.659
  75      1.220912   -0.007102   -35.970            1  7860.467
  76      1.220207   -0.000705   -35.846            1  7855.401
  77      1.219739   -0.000468   -35.671            1  7850.389
  78      1.218437   -0.001302   -35.676            1  7845.467
  79      1.214660   -0.003777   -36.224            1  7840.515
  80      1.213022   -0.001637   -36.307            1  7835.169
  81      1.209699   -0.003323   -36.760            1  7829.740
  82      1.208898   -0.000802   -36.664            1  7823.982
  83      1.205247   -0.003650   -37.191            1  7818.260
  84      1.203552   -0.001695   -37.293            1  7812.160
  85      1.201813   -0.001739   -37.406            1  7805.964
  86      1.199912   -0.001901   -37.555            1  7799.665
  87      1.197863   -0.002049   -37.737            1  7793.238
  88      1.196112   -0.001751   -37.855            1  7786.661
  89      1.195143   -0.000969   -37.803            1  7779.977
  90      1.191304   -0.003838   -38.380            1  7773.297
  91      1.189422   -0.001882   -38.531            1  7766.209
  92      1.188214   -0.001209   -38.535            1  7758.992
  93      1.185498   -0.002716   -38.871            1  7751.741
  94      1.184830   -0.000668   -38.759            1  7744.240
  95      1.183617   -0.001213   -38.766            1  7736.782
  96      1.180187   -0.003430   -39.260            1  7729.287
  97      1.178406   -0.001781   -39.394            1  7721.441
  98      1.175804   -0.002602   -39.710            1  7713.475
  99      1.175540   -0.000264   -39.515            1  7705.274
 100      1.173278   -0.002263   -39.757            1  7697.167
 101      1.172458   -0.000819   -39.684            1  7688.871
 102      1.170599   -0.001859   -39.839            1  7680.590
 103      1.168324   -0.002275   -40.086            1  7672.177
 104      1.167070   -0.001254   -40.111            1  7663.572
 105      1.165584   -0.001486   -40.186            1  7654.919
 106      1.163567   -0.002017   -40.379            1  7646.185
 107      1.162121   -0.001446   -40.447            1  7637.294
 108      1.160336   -0.001786   -40.591            1  7628.326
 109      1.157125   -0.003211   -41.047            1  7619.233
 110      1.155408   -0.001717   -41.179            1  7609.815
 111      1.152649   -0.002759   -41.540            1  7600.280
 112      1.151413   -0.001236   -41.569            1  7590.483
 113      1.149160   -0.002253   -41.821            1  7580.634
 114      1.146502   -0.002658   -42.163            1  7570.592
 115      1.145683   -0.000819   -42.104            1  7560.301
 116      1.142152   -0.003531   -42.639            1  7550.014
 117      1.140568   -0.001585   -42.751            1  7539.358
 118      1.140135   -0.000432   -42.610            1  7528.600
 119      1.139289   -0.000846   -42.560            1  7517.895
 120      1.138149   -0.001140   -42.574            1  7507.187
 121      1.136415   -0.001734   -42.718            1  7496.436
 122      1.134578   -0.001837   -42.884            1  7485.561
 123      1.132567   -0.002011   -43.090            1  7474.549
 124      1.128550   -0.004017   -43.735            1  7463.374
 125      1.127356   -0.001195   -43.767            1  7451.768
 126      1.124390   -0.002966   -44.186            1  7440.107
 127      1.122629   -0.001760   -44.343            1  7428.158
 128      1.119809   -0.002820   -44.733            1  7416.078
 129      1.117402   -0.002406   -45.034            1  7403.729
 130      1.115646   -0.001756   -45.194            1  7391.165
 131      1.113443   -0.002203   -45.453            1  7378.471
 132      1.110931   -0.002512   -45.780            1  7365.590
 133      1.108833   -0.002098   -46.018            1  7352.481
 134      1.106523   -0.002309   -46.303            1  7339.198
 135      1.105903   -0.000620   -46.221            1  7325.714
 136      1.100124   -0.005779   -47.261            1  7312.245
 137      1.100003   -0.000121   -47.076            1  7298.140
 138      1.096896   -0.003107   -47.538            1  7284.108
 139      1.095007   -0.001889   -47.737            1  7269.779
 140      1.089988   -0.005019   -48.616            1  7255.304
 141      1.085316   -0.004672   -49.422            1  7240.303
 142      1.082919   -0.002397   -49.739            1  7224.825
 143      1.082751   -0.000169   -49.574            1  7209.144
 144      1.076764   -0.005987   -50.667            1  7193.521
 145      1.075255   -0.001508   -50.795            1  7177.281
 146      1.071375   -0.003881   -51.436            1  7160.942
 147      1.070291   -0.001084   -51.475            1  7144.238
 148      1.068407   -0.001884   -51.687            1  7127.485
 149      1.066848   -0.001559   -51.829            1  7110.594
 150      1.065260   -0.001588   -51.978            1  7093.601
 151      1.063048   -0.002212   -52.262            1  7076.503
 152      1.062470   -0.000578   -52.195            1  7059.234
 153      1.060120   -0.002351   -52.508            1  7041.970
 154      1.058403   -0.001716   -52.686            1  7024.521
 155      1.057453   -0.000951   -52.700            1  7006.956
 156      1.054769   -0.002683   -53.085            1  6989.357
 157      1.053233   -0.001536   -53.225            1  6971.539
 158      1.049522   -0.003711   -53.829            1  6953.627
 159      1.048625   -0.000897   -53.835            1  6935.392
 160      1.047820   -0.000805   -53.822            1  6917.131
 161      1.046926   -0.000894   -53.828            1  6898.851
 162      1.045101   -0.001825   -54.030            1  6880.545
 163      1.044332   -0.000770   -54.010            1  6862.116
 164      1.042900   -0.001431   -54.129            1  6843.673
 165      1.041345   -0.001555   -54.275            1  6825.150
 166      1.039240   -0.002106   -54.537            1  6806.533
 167      1.037953   -0.001287   -54.627            1  6787.769
 168      1.036717   -0.001236   -54.706            1  6768.940
 169      1.034807   -0.001909   -54.927            1  6750.052
 170      1.033939   -0.000868   -54.929            1  6731.039
 171      1.033063   -0.000876   -54.933            1  6712.003
 172      1.031209   -0.001854   -55.141            1  6692.944
 173      1.029088   -0.002121   -55.406            1  6673.767
 174      1.028651   -0.000437   -55.319            1  6654.448
 175      1.027308   -0.001344   -55.421            1  6635.148
 176      1.025993   -0.001314   -55.517            1  6615.782
 177      1.023712   -0.002281   -55.814            1  6596.352
 178      1.022704   -0.001008   -55.847            1  6576.769
 179      1.022468   -0.000236   -55.719            1  6557.152
 180      1.021033   -0.001434   -55.840            1  6537.573
 181      1.019221   -0.001812   -56.038            1  6517.922
 182      1.018143   -0.001078   -56.085            1  6498.164
 183      1.017264   -0.000879   -56.091            1  6478.368
 184      1.016027   -0.001237   -56.171            1  6458.551
 185      1.014755   -0.001271   -56.257            1  6438.681
 186      1.013216   -0.001540   -56.399            1  6418.757
 187      1.012897   -0.000319   -56.290            1  6398.754
 188      1.011798   -0.001099   -56.341            1  6378.781
 189      1.010697   -0.001100   -56.392            1  6358.770
 190      1.009654   -0.001043   -56.431            1  6338.721
 191      1.009209   -0.000445   -56.348            1  6318.639
 192      1.007713   -0.001496   -56.478            1  6298.576
 193      1.006210   -0.001503   -56.610            1  6278.442
 194      1.005547   -0.000663   -56.572            1  6258.237
 195      1.005210   -0.000336   -56.467            1  6238.032
 196      1.004195   -0.001016   -56.499            1  6217.857
 197      1.003419   -0.000776   -56.483            1  6197.654
 198      1.001544   -0.001875   -56.688            1  6177.442
 199      0.999629   -0.001916   -56.902            1  6157.130
 200      0.999106   -0.000523   -56.835            1  6136.716
 201      0.998523   -0.000583   -56.780            1  6116.315
 202      0.997224   -0.001299   -56.868            1  6095.924
 203      0.996500   -0.000724   -56.842            1  6075.484
 204      0.995359   -0.001140   -56.898            1  6055.041
 205      0.994911   -0.000448   -56.816            1  6034.563
 206      0.992741   -0.002171   -57.077            1  6014.106
 207      0.992423   -0.000317   -56.969            1  5993.530
 208      0.991392   -0.001032   -57.003            1  5972.987
 209      0.990949   -0.000443   -56.920            1  5952.418
 210      0.990293   -0.000655   -56.879            1  5931.870
 211      0.989319   -0.000975   -56.900            1  5911.328
 212      0.988511   -0.000808   -56.889            1  5890.766
 213      0.986016   -0.002495   -57.209            1  5870.198
 214      0.985781   -0.000235   -57.085            1  5849.492
 215      0.984992   -0.000788   -57.070            1  5828.825
 216      0.984366   -0.000626   -57.022            1  5808.153
 217      0.983231   -0.001135   -57.074            1  5787.491
 218      0.982067   -0.001164   -57.131            1  5766.798
 219      0.981318   -0.000750   -57.108            1  5746.074
 220      0.980409   -0.000909   -57.115            1  5725.350
 221      0.979546   -0.000864   -57.113            1  5704.615
 222      0.978711   -0.000835   -57.105            1  5683.871
 223      0.977519   -0.001192   -57.166            1  5663.122
 224      0.976370   -0.001149   -57.219            1  5642.341
 225      0.975969   -0.000400   -57.127            1  5621.533
 226      0.975293   -0.000676   -57.088            1  5600.752
 227      0.974086   -0.001207   -57.150            1  5579.978
 228      0.973985   -0.000101   -57.001            1  5559.173
 229      0.973223   -0.000762   -56.977            1  5538.418
 230      0.971939   -0.001284   -57.053            1  5517.664
 231      0.971351   -0.000588   -56.996            1  5496.875
 232      0.971143   -0.000208   -56.867            1  5476.100
 233      0.969926   -0.001217   -56.929            1  5455.368
 234      0.968309   -0.001617   -57.066            1  5434.606
 235      0.967222   -0.001087   -57.103            1  5413.787
 236      0.967048   -0.000175   -56.968            1  5392.949
 237      0.965057   -0.001991   -57.174            1  5372.155
 238      0.963845   -0.001212   -57.233            1  5351.281
 239      0.963138   -0.000707   -57.198            1  5330.381
 240      0.962749   -0.000389   -57.103            1  5309.490
 241      0.962594   -0.000155   -56.964            1  5288.629
 242      0.961803   -0.000791   -56.943            1  5267.814
 243      0.960624   -0.001179   -56.994            1  5247.003
 244      0.958963   -0.001662   -57.135            1  5226.169
 245      0.958084   -0.000879   -57.130            1  5205.283
 246      0.957540   -0.000544   -57.063            1  5184.395
 247      0.957261   -0.000279   -56.947            1  5163.528
 248      0.957099   -0.000162   -56.809            1  5142.700
 249      0.956359   -0.000740   -56.776            1  5121.918
 250      0.955153   -0.001207   -56.830            1  5101.144
 251      0.953778   -0.001374   -56.913            1  5080.350
 252      0.953120   -0.000658   -56.866            1  5059.525
 253      0.952687   -0.000433   -56.777            1  5038.715
 254      0.951166   -0.001522   -56.886            1  5017.934
 255      0.950737   -0.000429   -56.796            1  4997.114
 256      0.950452   -0.000285   -56.680            1  4976.325
 257      0.950133   -0.000318   -56.570            1  4955.574
 258      0.949376   -0.000757   -56.539            1  4934.861
 259      0.948837   -0.000540   -56.468            1  4914.157
 260      0.947960   -0.000877   -56.457            1  4893.477
 261      0.946131   -0.001829   -56.617            1  4872.801
 262      0.945461   -0.000671   -56.569            1  4852.071
 263      0.945128   -0.000332   -56.461            1  4831.357
 264      0.943782   -0.001346   -56.533            1  4810.681
 265      0.943499   -0.000283   -56.415            1  4789.981
 266      0.942591   -0.000908   -56.408            1  4769.322
 267      0.941672   -0.000919   -56.403            1  4748.666
 268      0.940810   -0.000862   -56.388            1  4728.014
 269      0.940597   -0.000213   -56.258            1  4707.368
 270      0.939628   -0.000969   -56.260            1  4686.767
 271      0.938915   -0.000714   -56.217            1  4666.168
 272      0.938779   -0.000135   -56.073            1  4645.585
 273      0.937111   -0.001668   -56.196            1  4625.051
 274      0.936428   -0.000683   -56.147            1  4604.481
 275      0.936124   -0.000304   -56.032            1  4583.929
 276      0.935083   -0.001041   -56.045            1  4563.417
 277      0.934630   -0.000453   -55.955            1  4542.905
 278      0.934477   -0.000153   -55.814            1  4522.425
 279      0.933481   -0.000996   -55.817            1  4501.994
 280      0.932532   -0.000948   -55.812            1  4481.565
 281      0.930999   -0.001533   -55.906            1  4461.143
 282      0.930559   -0.000440   -55.813            1  4440.695
 283      0.929691   -0.000868   -55.793            1  4420.281
 284      0.929283   -0.000408   -55.695            1  4399.879
 285      0.928629   -0.000654   -55.638            1  4379.512
 286      0.928021   -0.000608   -55.573            1  4359.168
 287      0.927559   -0.000462   -55.482            1  4338.851
 288      0.925942   -0.001617   -55.586            1  4318.566
 289      0.924761   -0.001181   -55.616            1  4298.256
 290      0.924569   -0.000192   -55.481            1  4277.943
 291      0.924106   -0.000463   -55.390            1  4257.678
 292      0.923350   -0.000757   -55.348            1  4237.447
 293      0.923040   -0.000309   -55.231            1  4217.236
 294      0.922004   -0.001037   -55.235            1  4197.067
 295      0.921607   -0.000397   -55.132            1  4176.904
 296      0.921227   -0.000380   -55.026            1  4156.780
 297      0.920569   -0.000658   -54.966            1  4136.694
 298      0.919600   -0.000969   -54.956            1  4116.634
 299      0.918761   -0.000839   -54.925            1  4096.585
 300      0.917673   -0.001088   -54.934            1  4076.553
 301      0.917318   -0.000356   -54.823            1  4056.527
 302      0.916678   -0.000639   -54.759            1  4036.542
 303      0.916231   -0.000448   -54.662            1  4016.585
 304      0.915447   -0.000783   -54.620            1  3996.665
 305      0.913990   -0.001457   -54.686            1  3976.766
 306      0.913832   -0.000159   -54.543            1  3956.858
 307      0.913660   -0.000172   -54.401            1  3937.000
 308      0.912894   -0.000766   -54.355            1  3917.193
 309      0.911748   -0.001146   -54.368            1  3897.409
 310      0.910074   -0.001674   -54.465            1  3877.632
 311      0.909177   -0.000897   -54.438            1  3857.838
 312      0.908535   -0.000643   -54.371            1  3838.062
 313      0.908055   -0.000480   -54.277            1  3818.317
 314      0.906979   -0.001076   -54.277            1  3798.609
 315      0.905803   -0.001177   -54.293            1  3778.913
 316      0.905190   -0.000613   -54.220            1  3759.225
 317      0.904509   -0.000681   -54.157            1  3739.570
 318      0.904428   -0.000082   -54.000            1  3719.944
 319      0.903821   -0.000607   -53.925            1  3700.374
 320      0.902849   -0.000971   -53.906            1  3680.837
 321      0.902680   -0.000169   -53.762            1  3661.319
 322      0.901597   -0.001083   -53.759            1  3641.852
 323      0.901359   -0.000238   -53.626            1  3622.399
 324      0.900723   -0.000636   -53.553            1  3602.996
 325      0.899973   -0.000750   -53.498            1  3583.626
 326      0.899841   -0.000131   -53.348            1  3564.285
 327      0.898387   -0.001454   -53.398            1  3544.997
 328      0.898180   -0.000208   -53.259            1  3525.710
 329      0.897406   -0.000774   -53.206            1  3506.475
 330      0.896968   -0.000438   -53.101            1  3487.268
 331      0.895598   -0.001370   -53.136            1  3468.103
 332      0.895172   -0.000426   -53.029            1  3448.944
 333      0.894432   -0.000740   -52.969            1  3429.828
 334      0.893422   -0.001009   -52.948            1  3410.743
 335      0.892746   -0.000676   -52.878            1  3391.680
 336      0.892347   -0.000399   -52.766            1  3372.651
 337      0.891317   -0.001030   -52.747            1  3353.666
 338      0.891058   -0.000260   -52.614            1  3334.703
 339      0.890455   -0.000602   -52.531            1  3315.790
 340      0.889705   -0.000751   -52.469            1  3296.914
 341      0.888970   -0.000734   -52.405            1  3278.071
 342      0.888507   -0.000463   -52.301            1  3259.261
 343      0.887766   -0.000741   -52.236            1  3240.495
 344      0.887366   -0.000400   -52.123            1  3221.762
 345      0.886199   -0.001167   -52.118            1  3203.075
 346      0.886114   -0.000085   -51.959            1  3184.406
 347      0.885052   -0.001062   -51.939            1  3165.795
 348      0.884489   -0.000563   -51.847            1  3147.207
 349      0.884308   -0.000181   -51.701            1  3128.660
 350      0.883598   -0.000709   -51.629            1  3110.167
 351      0.882818   -0.000780   -51.566            1  3091.710
 352      0.882119   -0.000699   -51.492            1  3073.288
 353      0.881195   -0.000924   -51.449            1  3054.902
 354      0.880648   -0.000548   -51.353            1  3036.545
 355      0.880054   -0.000593   -51.263            1  3018.231
 356      0.879339   -0.000715   -51.189            1  2999.959
 357      0.878693   -0.000646   -51.106            1  2981.723
 358      0.878587   -0.000106   -50.948            1  2963.528
 359      0.877778   -0.000808   -50.885            1  2945.390
 360      0.876950   -0.000828   -50.825            1  2927.286
 361      0.876807   -0.000143   -50.672            1  2909.217
 362      0.875579   -0.001228   -50.665            1  2891.205
 363      0.875164   -0.000415   -50.548            1  2873.215
 364      0.874782   -0.000382   -50.426            1  2855.273
 365      0.874537   -0.000245   -50.285            1  2837.380
 366      0.873262   -0.001275   -50.281            1  2819.541
 367      0.873186   -0.000076   -50.118            1  2801.724
 368      0.872142   -0.001044   -50.082            1  2783.966
 369      0.871638   -0.000504   -49.975            1  2766.238
 370      0.871395   -0.000244   -49.833            1  2748.556
 371      0.870316   -0.001079   -49.800            1  2730.928
 372      0.869563   -0.000753   -49.724            1  2713.330
 373      0.868978   -0.000585   -49.626            1  2695.771
 374      0.868124   -0.000854   -49.562            1  2678.257
 375      0.867633   -0.000491   -49.451            1  2660.781
 376      0.867194   -0.000439   -49.333            1  2643.352
 377      0.866951   -0.000243   -49.189            1  2625.972
 378      0.865698   -0.001253   -49.174            1  2608.646
 379      0.865010   -0.000687   -49.087            1  2591.348
 380      0.864526   -0.000484   -48.973            1  2574.093
 381      0.863842   -0.000685   -48.884            1  2556.886
 382      0.863196   -0.000646   -48.790            1  2539.723
 383      0.862681   -0.000515   -48.679            1  2522.604
 384      0.862401   -0.000280   -48.538            1  2505.533
 385      0.860960   -0.001441   -48.542            1  2488.517
 386      0.860691   -0.000269   -48.399            1  2471.526
 387      0.860247   -0.000444   -48.278            1  2454.589
 388      0.860069   -0.000178   -48.123            1  2437.703
 389      0.859459   -0.000610   -48.021            1  2420.875
 390      0.859032   -0.000426   -47.897            1  2404.093
 391      0.858117   -0.000915   -47.831            1  2387.362
 392      0.857363   -0.000754   -47.746            1  2370.671
 393      0.856798   -0.000564   -47.637            1  2354.024
 394      0.856186   -0.000612   -47.533            1  2337.425
 395      0.855626   -0.000560   -47.423            1  2320.873
 396      0.854455   -0.001171   -47.385            1  2304.371
 397      0.853994   -0.000460   -47.263            1  2287.903
 398      0.853198   -0.000797   -47.179            1  2271.486
 399      0.852849   -0.000348   -47.042            1  2255.114
 400      0.852403   -0.000446   -46.916            1  2238.795
 401      0.852063   -0.000339   -46.778            1  2222.530
 402      0.850222   -0.001841   -46.814            1  2206.319
 403      0.849757   -0.000465   -46.690            1  2190.129
 404      0.849311   -0.000447   -46.563            1  2173.992
 405      0.848899   -0.000411   -46.431            1  2157.908
 406      0.848477   -0.000422   -46.300            1  2141.877
 407      0.847922   -0.000556   -46.184            1  2125.901
 408      0.846894   -0.001027   -46.122            1  2109.975
 409      0.846550   -0.000344   -45.981            1  2094.090
 410      0.845721   -0.000829   -45.895            1  2078.261
 411      0.845255   -0.000466   -45.768            1  2062.477
 412      0.844576   -0.000679   -45.664            1  2046.747
 413      0.843789   -0.000787   -45.571            1  2031.066
 414      0.842901   -0.000888   -45.489            1  2015.433
 415      0.842477   -0.000424   -45.356            1  1999.844
 416      0.842087   -0.000389   -45.218            1  1984.311
 417      0.841478   -0.000609   -45.103            1  1968.833
 418      0.841003   -0.000475   -44.974            1  1953.406
 419      0.840119   -0.000884   -44.889            1  1938.034
 420      0.839917   -0.000202   -44.729            1  1922.707
 421      0.839239   -0.000678   -44.620            1  1907.441
 422      0.838344   -0.000895   -44.535            1  1892.225
 423      0.838016   -0.000328   -44.387            1  1877.056
 424      0.836581   -0.001434   -44.358            1  1861.944
 425      0.835794   -0.000787   -44.259            1  1846.870
 426      0.835656   -0.000138   -44.091            1  1831.845
 427      0.835515   -0.000142   -43.923            1  1816.882
 428      0.834466   -0.001049   -43.849            1  1801.979
 429      0.833669   -0.000798   -43.749            1  1787.122
 430      0.833352   -0.000316   -43.598            1  1772.315
 431      0.832599   -0.000753   -43.492            1  1757.567
 432      0.831877   -0.000722   -43.383            1  1742.869
 433      0.831466   -0.000412   -43.241            1  1728.223
 434      0.830515   -0.000950   -43.153            1  1713.635
 435      0.829734   -0.000781   -43.048            1  1699.094
 436      0.829584   -0.000150   -42.878            1  1684.605
 437      0.828720   -0.000865   -42.780            1  1670.178
 438      0.828493   -0.000227   -42.618            1  1655.801
 439      0.827923   -0.000570   -42.489            1  1641.485
 440      0.827595   -0.000328   -42.336            1  1627.223
 441      0.825686   -0.001909   -42.338            1  1613.021
 442      0.825290   -0.000397   -42.191            1  1598.854
 443      0.824776   -0.000513   -42.056            1  1584.745
 444      0.824312   -0.000464   -41.914            1  1570.693
 445      0.824091   -0.000220   -41.749            1  1556.699
 446      0.823646   -0.000445   -41.605            1  1542.766
 447      0.822530   -0.001116   -41.525            1  1528.890
 448      0.822330   -0.000200   -41.357            1  1515.063
 449      0.821650   -0.000681   -41.234            1  1501.298
 450      0.821306   -0.000344   -41.079            1  1487.588
 451      0.820915   -0.000391   -40.928            1  1473.938
 452      0.820185   -0.000730   -40.808            1  1460.347
 453      0.819323   -0.000861   -40.699            1  1446.810
 454      0.819019   -0.000304   -40.539            1  1433.327
 455      0.818159   -0.000860   -40.429            1  1419.904
 456      0.817910   -0.000249   -40.263            1  1406.535
 457      0.817600   -0.000309   -40.102            1  1393.227
 458      0.816607   -0.000993   -40.002            1  1379.980
 459      0.815396   -0.001211   -39.921            1  1366.785
 460      0.815229   -0.000167   -39.746            1  1353.640
 461      0.814571   -0.000658   -39.615            1  1340.557
 462      0.814377   -0.000193   -39.442            1  1327.531
 463      0.813749   -0.000628   -39.306            1  1314.569
 464      0.812743   -0.001007   -39.203            1  1301.663
 465      0.812089   -0.000654   -39.069            1  1288.810
 466      0.811152   -0.000937   -38.959            1  1276.015
 467      0.810368   -0.000784   -38.835            1  1263.274
 468      0.810316   -0.000052   -38.648            1  1250.589
 469      0.809917   -0.000398   -38.490            1  1237.969
 470      0.808694   -0.001223   -38.401            1  1225.410
 471      0.807819   -0.000875   -38.282            1  1212.903
 472      0.807727   -0.000092   -38.097            1  1200.451
 473      0.806840   -0.000887   -37.978            1  1188.063
 474      0.806767   -0.000073   -37.791            1  1175.732
 475      0.805530   -0.001237   -37.699            1  1163.465
 476      0.805043   -0.000487   -37.545            1  1151.251
 477      0.804651   -0.000392   -37.383            1  1139.097
 478      0.804488   -0.000162   -37.202            1  1127.005
 479      0.803720   -0.000768   -37.069            1  1114.976
 480      0.803545   -0.000175   -36.888            1  1103.006
 481      0.802361   -0.001184   -36.787            1  1091.100
 482      0.801907   -0.000454   -36.627            1  1079.248
 483      0.801403   -0.000504   -36.471            1  1067.457
 484      0.800658   -0.000745   -36.333            1  1055.727
 485      0.800551   -0.000107   -36.145            1  1044.055
 486      0.800238   -0.000313   -35.973            1  1032.449
 487      0.798914   -0.001324   -35.877            1  1020.906
 488      0.798653   -0.000261   -35.700            1  1009.416
 489      0.798144   -0.000509   -35.541            1   997.990
 490      0.797534   -0.000610   -35.389            1   986.625
 491      0.796721   -0.000813   -35.252            1   975.321
 492      0.796395   -0.000326   -35.078            1   964.076
 493      0.795371   -0.001024   -34.954            1   952.894
 494      0.795084   -0.000287   -34.777            1   941.769
 495      0.793812   -0.001272   -34.670            1   930.708
 496      0.793729   -0.000083   -34.476            1   919.703
 497      0.792978   -0.000751   -34.331            1   908.763
 498      0.792516   -0.000462   -34.164            1   897.883
 499      0.791643   -0.000872   -34.025            1   887.066
 500      0.791249   -0.000394   -33.852            1   876.308
 501      0.790745   -0.000504   -33.686            1   865.614
 502      0.790512   -0.000233   -33.501            1   854.982
 503      0.789618   -0.000894   -33.361            1   844.415
 504      0.789163   -0.000455   -33.190            1   833.907
 505      0.787743   -0.001420   -33.084            1   823.463
 506      0.787431   -0.000312   -32.903            1   813.074
 507      0.786667   -0.000764   -32.751            1   802.749
 508      0.785698   -0.000969   -32.612            1   792.486
 509      0.785501   -0.000197   -32.422            1   782.283
 510      0.785195   -0.000306   -32.238            1   772.145
 511      0.784252   -0.000943   -32.095            1   762.071
 512      0.783652   -0.000600   -31.929            1   752.058
 513      0.782979   -0.000673   -31.768            1   742.107
 514      0.782268   -0.000710   -31.608            1   732.219
 515      0.782030   -0.000238   -31.417            1   722.393
 516      0.780886   -0.001144   -31.283            1   712.632
 517      0.780293   -0.000593   -31.114            1   702.931
 518      0.780129   -0.000164   -30.917            1   693.293
 519      0.779628   -0.000501   -30.741            1   683.721
 520      0.779121   -0.000507   -30.564            1   674.213
 521      0.778604   -0.000517   -30.387            1   664.769
 522      0.777960   -0.000644   -30.218            1   655.388
 523      0.777116   -0.000845   -30.059            1   646.071
 524      0.776395   -0.000721   -29.893            1   636.817
 525      0.775291   -0.001104   -29.748            1   627.625
 526      0.775041   -0.000250   -29.553            1   618.493
 527      0.773816   -0.001225   -29.413            1   609.428
 528      0.773618   -0.000198   -29.214            1   600.423
 529      0.772997   -0.000622   -29.039            1   591.485
 530      0.772653   -0.000344   -28.846            1   582.610
 531      0.772470   -0.000184   -28.645            1   573.801
 532      0.771097   -0.001373   -28.509            1   565.058
 533      0.770827   -0.000269   -28.311            1   556.375
 534      0.769928   -0.000900   -28.147            1   547.759
 535      0.769157   -0.000771   -27.975            1   539.205
 536      0.768799   -0.000357   -27.780            1   530.715
 537      0.768571   -0.000228   -27.578            1   522.291
 538      0.767509   -0.001062   -27.419            1   513.933
 539      0.766101   -0.001408   -27.277            1   505.638
 540      0.765381   -0.000720   -27.099            1   497.403
 541      0.764851   -0.000530   -26.910            1   489.233
 542      0.764542   -0.000309   -26.709            1   481.128
 543      0.763700   -0.000841   -26.534            1   473.089
 544      0.763392   -0.000308   -26.332            1   465.115
 545      0.762956   -0.000437   -26.135            1   457.207
 546      0.761938   -0.001018   -25.967            1   449.364
 547      0.761394   -0.000544   -25.774            1   441.585
 548      0.760745   -0.000649   -25.586            1   433.872
 549      0.760004   -0.000741   -25.401            1   426.224
 550      0.759364   -0.000639   -25.210            1   418.641
 551      0.758337   -0.001027   -25.037            1   411.123
 552      0.757538   -0.000799   -24.853            1   403.669
 553      0.757099   -0.000439   -24.651            1   396.279
 554      0.756715   -0.000384   -24.446            1   388.956
 555      0.755953   -0.000761   -24.257            1   381.700
 556      0.755453   -0.000500   -24.055            1   374.509
 557      0.754923   -0.000530   -23.854            1   367.384
 558      0.754287   -0.000637   -23.657            1   360.325
 559      0.753718   -0.000568   -23.456            1   353.332
 560      0.753440   -0.000278   -23.241            1   346.405
 561      0.752871   -0.000569   -23.039            1   339.546
 562      0.752462   -0.000409   -22.828            1   332.752
 563      0.751564   -0.000897   -22.637            1   326.026
 564      0.750700   -0.000864   -22.444            1   319.364
 565      0.750016   -0.000684   -22.243            1   312.768
 566      0.749963   -0.000053   -22.015            1   306.238
 567      0.748907   -0.001056   -21.826            1   299.777
 568      0.747882   -0.001025   -21.635            1   293.380
 569      0.746561   -0.001321   -21.454            1   287.048
 570      0.746359   -0.000202   -21.229            1   280.781
 571      0.745744   -0.000615   -21.019            1   274.581
 572      0.744812   -0.000932   -20.820            1   268.448
 573      0.744081   -0.000731   -20.612            1   262.381
 574      0.743300   -0.000781   -20.405            1   256.381
 575      0.741964   -0.001336   -20.217            1   250.446
 576      0.741405   -0.000559   -20.000            1   244.577
 577      0.740183   -0.001222   -19.806            1   238.774
 578      0.739419   -0.000764   -19.594            1   233.037
 579      0.738847   -0.000572   -19.374            1   227.366
 580      0.738446   -0.000402   -19.147            1   221.763
 581      0.737240   -0.001206   -18.947            1   216.228
 582      0.737076   -0.000164   -18.710            1   210.758
 583      0.736838   -0.000238   -18.475            1   205.356
 584      0.735590   -0.001249   -18.271            1   200.023
 585      0.734868   -0.000721   -18.049            1   194.756
 586      0.734461   -0.000407   -17.816            1   189.556
 587      0.733764   -0.000697   -17.591            1   184.423
 588      0.732700   -0.001064   -17.376            1   179.358
 589      0.732118   -0.000582   -17.144            1   174.360
 590      0.731581   -0.000537   -16.910            1   169.429
 591      0.731141   -0.000440   -16.671            1   164.566
 592      0.729912   -0.001228   -16.454            1   159.771
 593      0.729582   -0.000330   -16.210            1   155.043
 594      0.728389   -0.001194   -15.989            1   150.383
 595      0.728067   -0.000322   -15.741            1   145.790
 596      0.727081   -0.000986   -15.511            1   141.265
 597      0.725944   -0.001137   -15.282            1   136.807
 598      0.724462   -0.001482   -15.061            1   132.417
 599      0.724312   -0.000149   -14.803            1   128.093
 600      0.723537   -0.000775   -14.560            1   123.838
 601      0.722447   -0.001090   -14.322            1   119.651
 602      0.722017   -0.000431   -14.066            1   115.531
 603      0.721489   -0.000527   -13.810            1   111.481
 604      0.720779   -0.000710   -13.556            1   107.499
 605      0.719654   -0.001125   -13.311            1   103.585
 606      0.718479   -0.001175   -13.064            1    99.739
 607      0.717631   -0.000847   -12.806            1    95.961
 608      0.717136   -0.000495   -12.538            1    92.251
 609      0.716521   -0.000616   -12.270            1    88.611
 610      0.715452   -0.001069   -12.009            1    85.039
 611      0.714953   -0.000499   -11.733            1    81.536
 612      0.713767   -0.001186   -11.468            1    78.103
 613      0.712759   -0.001008   -11.195            1    74.738
 614      0.712213   -0.000545   -10.910            1    71.442
 615      0.711007   -0.001206   -10.633            1    68.217
 616      0.709954   -0.001053   -10.350            1    65.060
 617      0.709578   -0.000376   -10.048            1    61.973
 618      0.708675   -0.000904    -9.751            1    58.957
 619      0.708029   -0.000646    -9.444            1    56.012
 620      0.707554   -0.000475    -9.130            1    53.138
 621      0.707286   -0.000268    -8.806            1    50.337
 622      0.704700   -0.002586    -8.517            1    47.609
 623      0.703586   -0.001114    -8.194            1    44.950
 624      0.702961   -0.000625    -7.852            1    42.365
 625      0.701548   -0.001413    -7.513            1    39.855
 626      0.700632   -0.000916    -7.152            1    37.420
 627      0.700129   -0.000503    -6.770            1    35.063
 628      0.698907   -0.001222    -6.381            1    32.788
 629      0.697380   -0.001527    -5.975     0.999997    30.595
 630      0.695114   -0.002266    -5.554     0.999974    28.489
 631      0.694190   -0.000924    -5.078     0.999796    26.473
 632      0.693516   -0.000675    -4.551     0.998575    24.561
 633      0.692295   -0.001220    -3.968     0.991752    22.767
 634      0.687733   -0.004563    -3.351     0.964422    21.115
 635      0.672653   -0.015080    -2.796     0.902087    19.629
 636      0.667486   -0.005167    -1.923     0.703564    18.309
 637      0.660403   -0.007083    -0.773      0.34934    17.316
 638      0.654013   -0.006390     1.019    0.0473172    16.927
 639      0.484823   -0.169190    -0.069       0.1809    18.119
 640      0.458029   -0.026794     1.528    0.0222957    18.352
 641      0.327396   -0.130633     0.243     0.128118    20.546
 642      0.254298   -0.073098    -0.820     0.362895    21.339
 643      0.239693   -0.014604     0.209     0.133104    21.167
 644      0.224450   -0.015244     1.880    0.0126944    22.100
 645      0.160547   -0.063903     0.777    0.0658131    26.069
 646      0.149688   -0.010858     2.746   0.00276773    28.461
 647      0.119317   -0.030371     3.909  0.000268002    36.443
 648      0.103292   -0.016025     8.165  1.46574e-08    51.977
 649      0.057834   -0.045458     8.886  1.75043e-09   140.569
 650      0.044527   -0.013307    12.030  6.28817e-14   285.386
 651      0.033626   -0.010901    16.545  2.29018e-21   795.165
 652      0.022124   -0.011502     9.356  4.18233e-10  4834.688
 653      0.019473   -0.002651    -1.835     0.677787  8106.449
 654      0.019290   -0.000183    -1.885     0.692475  8559.381
 655      0.019167   -0.000122    -1.466     0.562878  9040.730
 656      0.019070   -0.000098    -0.737     0.339367  9680.414
 657      0.018825   -0.000244    -1.110     0.450212 10649.724
 658      0.018540   -0.000285    -2.068     0.744532 11615.049
 659      0.018487   -0.000053    -1.145     0.460895 12271.941
 660      0.018291   -0.000196    -1.348     0.525172 13490.027
 661      0.018244   -0.000047    -0.110     0.188988 14761.655
 662      0.017843   -0.000402    -2.305     0.805329 17474.305
 663      0.017789   -0.000054    -1.530     0.583337 18299.480
 664      0.017663   -0.000126    -1.322     0.516975 20091.360
 665      0.017522   -0.000141    -1.233     0.488764 22531.851
 666      0.017429   -0.000092        NA           NA        NA
 667      0.017257   -0.000173        NA           NA        NA
 668      0.017095   -0.000162        NA           NA        NA
 669      0.016956   -0.000140        NA           NA        NA
 670      0.016717   -0.000238        NA           NA        NA
 671      0.016606   -0.000112        NA           NA        NA
 672      0.016579   -0.000027        NA           NA        NA
 673      0.016458   -0.000121        NA           NA        NA
 674      0.016383   -0.000076        NA           NA        NA
    kurtosis           snps    indivs
 eigenvector    1    20.054    30.633
 eigenvector    2    78.385     3.529
 eigenvector    3     3.419   347.795
 eigenvector    4     3.936   346.960
 eigenvector    5   206.951     4.610
lsqproj called!
population:   0                 Case   33
population:   1              Control  642
number of blocks for block jackknife: 602
## end of Fst statistics between populations

fst *1000:
          C     C 
   C      0   114
   C    114     0

std. err.  * 1000000:
          C     C 
   C      0  1150
   C   1150     0

eigenvector 1:means
             Control     -0.007
                Case      0.129
## Anova statistics for population differences along each eigenvector:
                                              p-value
             eigenvector_1_Case_Control_             0 +++
eigenvector 2:means
             Control     -0.001
                Case      0.015
             eigenvector_2_Case_Control_     0.0189686 
eigenvector 3:means
                Case     -0.013
             Control      0.001
             eigenvector_3_Case_Control_      0.051202 
eigenvector 4:means
                Case     -0.001
             Control      0.000
             eigenvector_4_Case_Control_      0.896972 
eigenvector 5:means
                Case     -0.020
             Control      0.001
             eigenvector_5_Case_Control_    0.00274228 

## Statistical significance of differences beween populations:
                                pop1                  pop2      chisq          p-value   |pop1|   |pop2|
popdifference:                  Case               Control       602.388  6.16369e-128      33     642

eigbestsnp    1            5:9519910  5      9519910    15.640
eigbestsnp    1          3:168413945  3    168413945    15.481
eigbestsnp    1           9:16488167  9     16488167    15.410
eigbestsnp    1          6:131443526  6    131443526    14.914
eigbestsnp    1          10:20670316 10     20670316    14.898
eigbestsnp    1          5:114549087  5    114549087    14.830
eigbestsnp    1          10:20669511 10     20669511    14.638
eigbestsnp    1          5:114531072  5    114531072    14.614
eigbestsnp    1            2:2872478  2      2872478    14.532
eigbestsnp    1          3:168512757  3    168512757    14.476
eigbestsnp    2         14:102095836 14    102095836    23.308
eigbestsnp    2          16:72756101 16     72756101    22.570
eigbestsnp    2          18:46147078 18     46147078    22.272
eigbestsnp    2          15:97566769 15     97566769    22.225
eigbestsnp    2          14:33480922 14     33480922    22.134
eigbestsnp    2          20:36769033 20     36769033    21.993
eigbestsnp    2          16:82279169 16     82279169    21.919
eigbestsnp    2          17:71394145 17     71394145    21.884
eigbestsnp    2          16:89800568 16     89800568    21.878
eigbestsnp    2          21:20934444 21     20934444    21.835
eigbestsnp    3          13:93703194 13     93703194     7.916
eigbestsnp    3         11:105800066 11    105800066     7.620
eigbestsnp    3          2:176956510  2    176956510     7.488
eigbestsnp    3          2:151313953  2    151313953     7.392
eigbestsnp    3          13:93679183 13     93679183     7.373
eigbestsnp    3          13:93739979 13     93739979     7.284
eigbestsnp    3          13:93652748 13     93652748     7.028
eigbestsnp    3          11:39299257 11     39299257     7.013
eigbestsnp    3           17:6250115 17      6250115     6.925
eigbestsnp    3          16:13997103 16     13997103     6.819
eigbestsnp    4          12:16835652 12     16835652     7.213
eigbestsnp    4           4:35698696  4     35698696     7.208
eigbestsnp    4           6:40307760  6     40307760     7.197
eigbestsnp    4         13:108648306 13    108648306     7.128
eigbestsnp    4          12:59856161 12     59856161     7.108
eigbestsnp    4          12:16798997 12     16798997     7.104
eigbestsnp    4          8:119212592  8    119212592     7.091
eigbestsnp    4         13:108647268 13    108647268     7.082
eigbestsnp    4          12:59848903 12     59848903     7.059
eigbestsnp    4          12:59877432 12     59877432     7.052
eigbestsnp    5          14:66893540 14     66893540    27.664
eigbestsnp    5          20:20517765 20     20517765    27.659
eigbestsnp    5          17:64842925 17     64842925    27.659
eigbestsnp    5          17:61657283 17     61657283    27.646
eigbestsnp    5          14:79497904 14     79497904    27.629
eigbestsnp    5          16:57423743 16     57423743    27.627
eigbestsnp    5          18:20123672 18     20123672    27.626
eigbestsnp    5          18:51543202 18     51543202    27.619
eigbestsnp    5           20:1953363 20      1953363    27.617
eigbestsnp    5          14:60759095 14     60759095    27.616
##end of smartpca:     1800.941 seconds cpu     2037.080 Mbytes in use
